


materialPath: C:\Program Files (x86)\Steam\steamapps\common\GarrysMod\garrysmod\materials
Loading C:\Users\MrSandMan\Documents\GitHub\gm_crimson_red\source\maps\gm_red_line_beta1.vmf
ConVarRef mat_reduceparticles doesn't point to an existing ConVar
material "cyber_metrostroi/ptu/lamp" not found.
Material not found!: CYBER_METROSTROI/PTU/LAMP
Could not locate 'GameData' key in c:\program files (x86)\steam\steamapps\common\garrysmod\garrysmod\gameinfo.txt
Patching WVT material: maps/gm_red_line_beta1/metrostroi_nature/blendnature002_wvt_patch
fixing up env_cubemap materials on brush sides...
0...1...2...3...4...5...6...7...8...9...100...1...2...3...4...5...6...7...8...9...10Processing areas...done (0)
Building Faces...done (0)
Chop Details...done (0)
Find Visible Detail Sides...
Merged 522 detail faces...done (0)
Merging details...done (0)
FixTjuncs...
PruneNodes...
WriteBSP...
done (1)
writing C:\Users\MrSandMan\Documents\GitHub\gm_crimson_red\source\maps\gm_red_line_beta1.prt...Building visibility clusters...
done (0)
Creating default LDR cubemaps for env_cubemap using skybox materials:
   skybox/starrynight*.vmt
 ! Run buildcubemaps in the engine to get the correct cube maps.
Creating default HDR cubemaps for env_cubemap using skybox materials:
   skybox/starrynight*.vmt
 ! Run buildcubemaps in the engine to get the correct cube maps.
Finding displacement neighbors...
Finding lightmap sample positions...
Displacement Alpha : 0...1...2...3...4...5...6...7...8...9...10
Building Physics collision data...
done (2) (741892 bytes)
Error! To use model "models/mus/metro/kronstein.mdl"
      with prop_static, it must be compiled with $staticprop!
Error loading studio model "models/mus/metro/kronstein.mdl"!
Error! To use model "models/mus/metro/station_phonebox_3.mdl"
      with prop_static, it must be compiled with $staticprop!
Error loading studio model "models/mus/metro/station_phonebox_3.mdl"!
Error loading studio model "models/props_mill/mill_railing_128.mdl"!
Error! To use model "models/metrostroi/tracks/tunnel512i_interface_unic.mdl"
      with prop_static, it must be compiled with $staticprop!
Error loading studio model "models/metrostroi/tracks/tunnel512i_interface_unic.mdl"!
Placing detail props : 0...1...2...3...4...5...6...7...8...9...10
Compacting texture/material tables...
Reduced 2548 texinfos to 1997
Reduced 166 texdatas to 136 (6612 bytes to 5482)
Writing C:\Users\MrSandMan\Documents\GitHub\gm_crimson_red\source\maps\gm_red_line_beta1.bsp
14 seconds elapsed



materialPath: C:\Program Files (x86)\Steam\steamapps\common\GarrysMod\garrysmod\materials
Loading C:\Users\MrSandMan\Documents\GitHub\gm_crimson_red\source\maps\gm_red_line_beta1.vmf
ConVarRef mat_reduceparticles doesn't point to an existing ConVar
material "cyber_metrostroi/ptu/lamp" not found.
Material not found!: CYBER_METROSTROI/PTU/LAMP
Could not locate 'GameData' key in c:\program files (x86)\steam\steamapps\common\garrysmod\garrysmod\gameinfo.txt
Patching WVT material: maps/gm_red_line_beta1/metrostroi_nature/blendnature002_wvt_patch
fixing up env_cubemap materials on brush sides...
0...1...2...3...4...5...6...7...8...9...100...1...2...3...4...5...6...7...8...9...10Processing areas...done (0)
Building Faces...done (0)
Chop Details...done (0)
Find Visible Detail Sides...
Merged 522 detail faces...done (0)
Merging details...done (0)
FixTjuncs...
PruneNodes...
WriteBSP...
done (0)
writing C:\Users\MrSandMan\Documents\GitHub\gm_crimson_red\source\maps\gm_red_line_beta1.prt...Building visibility clusters...
done (0)
Creating default LDR cubemaps for env_cubemap using skybox materials:
   skybox/starrynight*.vmt
 ! Run buildcubemaps in the engine to get the correct cube maps.
Creating default HDR cubemaps for env_cubemap using skybox materials:
   skybox/starrynight*.vmt
 ! Run buildcubemaps in the engine to get the correct cube maps.
Finding displacement neighbors...
Finding lightmap sample positions...
Displacement Alpha : 0...1...2...3...4...5...6...7...8...9...10
Building Physics collision data...
done (2) (741892 bytes)
Error! To use model "models/mus/metro/kronstein.mdl"
      with prop_static, it must be compiled with $staticprop!
Error loading studio model "models/mus/metro/kronstein.mdl"!
Error! To use model "models/mus/metro/station_phonebox_3.mdl"
      with prop_static, it must be compiled with $staticprop!
Error loading studio model "models/mus/metro/station_phonebox_3.mdl"!
Error loading studio model "models/props_mill/mill_railing_128.mdl"!
Error! To use model "models/metrostroi/tracks/tunnel512i_interface_unic.mdl"
      with prop_static, it must be compiled with $staticprop!
Error loading studio model "models/metrostroi/tracks/tunnel512i_interface_unic.mdl"!
Placing detail props : 0...1...2...3...4...5...6...7...8...9...10
Compacting texture/material tables...
Reduced 2548 texinfos to 1997
Reduced 166 texdatas to 136 (6612 bytes to 5482)
Writing C:\Users\MrSandMan\Documents\GitHub\gm_crimson_red\source\maps\gm_red_line_beta1.bsp
11 seconds elapsed



4 threads
reading c:\users\mrsandman\documents\github\gm_crimson_red\source\maps\gm_red_line_beta1.bsp
reading c:\users\mrsandman\documents\github\gm_crimson_red\source\maps\gm_red_line_beta1.prt
4015 portalclusters
12009 numportals
0...1...2...3...4...5...6...7...8...9...100


[Reading texlights from 'lights.rad']
[45 texlights parsed from 'lights.rad']

Loading c:\users\mrsandman\documents\github\gm_crimson_red\source\maps\gm_red_line_beta1.bsp
No vis information, direct lighting only.



materialPath: C:\Program Files (x86)\Steam\steamapps\common\GarrysMod\garrysmod\materials
Loading C:\Users\MrSandMan\Documents\GitHub\gm_crimson_red\source\maps\gm_red_line_beta1.vmf
ConVarRef mat_reduceparticles doesn't point to an existing ConVar
material "cyber_metrostroi/ptu/lamp" not found.
Material not found!: CYBER_METROSTROI/PTU/LAMP
Could not locate 'GameData' key in c:\program files (x86)\steam\steamapps\common\garrysmod\garrysmod\gameinfo.txt
Patching WVT material: maps/gm_red_line_beta1/metrostroi_nature/blendnature002_wvt_patch
fixing up env_cubemap materials on brush sides...
0...1...2...3...4...5...6...7...8...9...100...1...2...3...4...5...6...7...8...9...10Processing areas...done (0)
Building Faces...done (0)
Chop Details...done (1)
Find Visible Detail Sides...
Merged 522 detail faces...done (1)
Merging details...done (0)
FixTjuncs...
PruneNodes...
WriteBSP...
done (0)
writing C:\Users\MrSandMan\Documents\GitHub\gm_crimson_red\source\maps\gm_red_line_beta1.prt...Building visibility clusters...
done (0)
Creating default LDR cubemaps for env_cubemap using skybox materials:
   skybox/starrynight*.vmt
 ! Run buildcubemaps in the engine to get the correct cube maps.
Creating default HDR cubemaps for env_cubemap using skybox materials:
   skybox/starrynight*.vmt
 ! Run buildcubemaps in the engine to get the correct cube maps.
Finding displacement neighbors...
Finding lightmap sample positions...
Displacement Alpha : 0...1...2...3...4...5...6...7...8...9...10
Building Physics collision data...
done (2) (741892 bytes)
Error! To use model "models/mus/metro/kronstein.mdl"
      with prop_static, it must be compiled with $staticprop!
Error loading studio model "models/mus/metro/kronstein.mdl"!
Error! To use model "models/mus/metro/station_phonebox_3.mdl"
      with prop_static, it must be compiled with $staticprop!
Error loading studio model "models/mus/metro/station_phonebox_3.mdl"!
Error loading studio model "models/props_mill/mill_railing_128.mdl"!
Error! To use model "models/metrostroi/tracks/tunnel512i_interface_unic.mdl"
      with prop_static, it must be compiled with $staticprop!
Error loading studio model "models/metrostroi/tracks/tunnel512i_interface_unic.mdl"!
Placing detail props : 0...1...2...3...4...5...6...7...8...9...10
Compacting texture/material tables...
Reduced 2548 texinfos to 1997
Reduced 166 texdatas to 136 (6612 bytes to 5482)
Writing C:\Users\MrSandMan\Documents\GitHub\gm_crimson_red\source\maps\gm_red_line_beta1.bsp
11 seconds elapsed



4 threads
reading c:\users\mrsandman\documents\github\gm_crimson_red\source\maps\gm_red_line_beta1.bsp
reading c:\users\mrsandman\documents\github\gm_crimson_red\source\maps\gm_red_line_beta1.prt
4015 portalclusters
12009 numportals
0...1...2...3...4...5...6...7...8...9...10Optimized: 70457 visible clusters (1.70%)
Total clusters visible: 4151706
Average clusters visible: 1034
Building PAS...
Average clusters audible: 2415
visdatasize:2308403  compressed from 4047120
writing c:\users\mrsandman\documents\github\gm_crimson_red\source\maps\gm_red_line_beta1.bsp
8 seconds elapsed



[Reading texlights from 'lights.rad']
[45 texlights parsed from 'lights.rad']

Loading c:\users\mrsandman\documents\github\gm_crimson_red\source\maps\gm_red_line_beta1.bsp
26502 faces
1 degenerate faces
13348959 square feet [1922250112.00 square inches]
26 Displacements
358006 Square Feet [51552872.00 Square Inches]
26501 patches before subdivision
885185 patches after subdivision
218 direct lights
0...1...2...3...4...5...6...7...8...9...100...1...2...3...4...5...6...7...8...9...10transfers 278167664, max 2683
transfer lists: 2122.3 megs
0...1...2...3...4...5...6...7...8...9...10	Bounce #1 added RGB(294271, 282050, 229808)
0...1...2...3...4...5...6...7...8...9...10	Bounce #2 added RGB(50900, 45381, 34427)
0...1...2...3...4...5...6...7...8...9...10	Bounce #3 added RGB(11389, 9263, 6216)
0...1...2...3...4...5...6...7...8...9...10	Bounce #4 added RGB(2630, 2027, 1182)
0...1...2...3...4...5...6...7...8...9...10	Bounce #5 added RGB(637, 468, 226)
0...1...2...3...4...5...6...7...8...9...10	Bounce #6 added RGB(158, 116, 45)
0...1...2...3...4...5...6...7...8...9...10	Bounce #7 added RGB(40, 30, 9)
0...1...2...3...4...5...6...7...8...9...10	Bounce #8 added RGB(11, 8, 2)
0...1...2...3...4...5...6...7...8...9...10	Bounce #9 added RGB(3, 2, 0)
0...1...2...3...4...5...6...7...8...9...10	Bounce #10 added RGB(1, 1, 0)
Build Patch/Sample Hash Table(s).....Done<0.4620 sec>
0...1...2...3...4...5...6...7...8...9...10FinalLightFace Done
0 of 0 (0% of) surface lights went in leaf ambient cubes.
0...1...2...3...4...5...6...7...8...9...10Writing leaf ambient...done
Ready to Finish

Object names       Objects/Maxobjs  Memory / Maxmem  Fullness 
------------       ---------------  ---------------  -------- 
models                  42/1024         2016/49152    ( 4.1%) 
brushes               1946/8192        23352/98304    (23.8%) 
brushsides           13966/65536      111728/524288   (21.3%) 
planes                9406/65536      188120/1310720  (14.4%) 
vertexes             37679/65536      452148/786432   (57.5%) 
nodes                 9685/65536      309920/2097152  (14.8%) 
texinfos              1997/12288      143784/884736   (16.3%) 
texdata                136/2048         4352/65536    ( 6.6%) 
dispinfos               26/0            4576/0        ( 0.0%) 
disp_verts            1658/0           33160/0        ( 0.0%) 
disp_tris             2560/0            5120/0        ( 0.0%) 
disp_lmsamples      256984/0          256984/0        ( 0.0%) 
faces                26502/65536     1484112/3670016  (40.4%) 
hdr faces                0/65536           0/3670016  ( 0.0%) 
origfaces             7276/65536      407456/3670016  (11.1%) 
leaves                9728/65536      311296/2097152  (14.8%) 
leaffaces            29527/65536       59054/131072   (45.1%) 
leafbrushes           6849/65536       13698/131072   (10.5%) 
areas                    3/256            24/2048     ( 1.2%) 
surfedges           145975/512000     583900/2048000  (28.5%) 
edges                81162/256000     324648/1024000  (31.7%) 
LDR worldlights        217/8192        19096/720896   ( 2.6%) 
HDR worldlights          0/8192            0/720896   ( 0.0%) 
leafwaterdata            0/32768           0/393216   ( 0.0%) 
waterstrips           1314/32768       13140/327680   ( 4.0%) 
waterverts               0/65536           0/786432   ( 0.0%) 
waterindices         22311/65536       44622/131072   (34.0%) 
cubemapsamples           8/1024          128/16384    ( 0.8%) 
overlays                 1/512           352/180224   ( 0.2%) 
LDR lightdata         [variable]    29049416/0        ( 0.0%) 
HDR lightdata         [variable]           0/0        ( 0.0%) 
visdata               [variable]     2308403/16777216 (13.8%) 
entdata               [variable]      156193/393216   (39.7%) 
LDR ambient table     9728/65536       38912/262144   (14.8%) 
HDR ambient table     9728/65536       38912/262144   (14.8%) 
LDR leaf ambient     27538/65536      771064/1835008  (42.0%) 
HDR leaf ambient      9728/65536      272384/1835008  (14.8%) 
occluders                0/0               0/0        ( 0.0%) 
occluder polygons        0/0               0/0        ( 0.0%) 
occluder vert ind        0/0               0/0        ( 0.0%) 
detail props          [variable]           1/12       ( 8.3%) 
static props          [variable]           1/103262   ( 0.0%) 
pakfile               [variable]      802513/0        ( 0.0%) 
physics               [variable]      741892/4194304  (17.7%) 
physics terrain       [variable]        4320/1048576  ( 0.4%) 

Level flags = 0

Total triangle count: 64061
Writing c:\users\mrsandman\documents\github\gm_crimson_red\source\maps\gm_red_line_beta1.bsp
8 minutes, 20 seconds elapsed



materialPath: C:\Program Files (x86)\Steam\steamapps\common\GarrysMod\garrysmod\materials
Loading C:\Users\MrSandMan\Documents\GitHub\gm_crimson_red\source\maps\gm_red_line_beta1.vmf
ConVarRef mat_reduceparticles doesn't point to an existing ConVar
material "cyber_metrostroi/ptu/lamp" not found.
Material not found!: CYBER_METROSTROI/PTU/LAMP
Could not locate 'GameData' key in c:\program files (x86)\steam\steamapps\common\garrysmod\garrysmod\gameinfo.txt
Patching WVT material: maps/gm_red_line_beta1/metrostroi_nature/blendnature002_wvt_patch
fixing up env_cubemap materials on brush sides...
0...1...2...3...4...5...6...7...8...9...100...1...2...3...4...5...6...7...8...9...10Processing areas...done (0)
Building Faces...done (0)
Chop Details...done (0)
Find Visible Detail Sides...
Merged 522 detail faces...done (0)
Merging details...done (0)
FixTjuncs...
PruneNodes...
WriteBSP...
done (0)
writing C:\Users\MrSandMan\Documents\GitHub\gm_crimson_red\source\maps\gm_red_line_beta1.prt...Building visibility clusters...
done (0)
Creating default LDR cubemaps for env_cubemap using skybox materials:
   skybox/starrynight*.vmt
 ! Run buildcubemaps in the engine to get the correct cube maps.
Creating default HDR cubemaps for env_cubemap using skybox materials:
   skybox/starrynight*.vmt
 ! Run buildcubemaps in the engine to get the correct cube maps.
Finding displacement neighbors...
Finding lightmap sample positions...
Displacement Alpha : 0...1...2...3...4...5...6...7...8...9...10
Building Physics collision data...
done (2) (743812 bytes)
Error! To use model "models/mus/metro/kronstein.mdl"
      with prop_static, it must be compiled with $staticprop!
Error loading studio model "models/mus/metro/kronstein.mdl"!
Error! To use model "models/mus/metro/station_phonebox_3.mdl"
      with prop_static, it must be compiled with $staticprop!
Error loading studio model "models/mus/metro/station_phonebox_3.mdl"!
Error loading studio model "models/props_mill/mill_railing_128.mdl"!
Placing detail props : 0...1...2...3...4...5...6...7...8...9...10
Compacting texture/material tables...
Reduced 2578 texinfos to 2006
Reduced 166 texdatas to 137 (6612 bytes to 5544)
Writing C:\Users\MrSandMan\Documents\GitHub\gm_crimson_red\source\maps\gm_red_line_beta1.bsp
9 seconds elapsed



4 threads
reading c:\users\mrsandman\documents\github\gm_crimson_red\source\maps\gm_red_line_beta1.bsp
reading c:\users\mrsandman\documents\github\gm_crimson_red\source\maps\gm_red_line_beta1.prt
4014 portalclusters
12010 numportals
0...1...2...3...4...5...6...7...8...9...10Optimized: 70239 visible clusters (1.69%)
Total clusters visible: 4150389
Average clusters visible: 1033
Building PAS...
Average clusters audible: 2414
visdatasize:2309258  compressed from 4046112
writing c:\users\mrsandman\documents\github\gm_crimson_red\source\maps\gm_red_line_beta1.bsp
4 seconds elapsed



[Reading texlights from 'lights.rad']
[45 texlights parsed from 'lights.rad']

Loading c:\users\mrsandman\documents\github\gm_crimson_red\source\maps\gm_red_line_beta1.bsp
26500 faces
1 degenerate faces
13348709 square feet [1922214016.00 square inches]
26 Displacements
358006 Square Feet [51552872.00 Square Inches]
26499 patches before subdivision
885163 patches after subdivision
218 direct lights
0...1...2...3...4...5...6...7...8...9...100...1...2...3...4...5...6...7...8...9...10transfers 278118261, max 2683
transfer lists: 2121.9 megs
0...1...2...3...4...5...6...7...8...9...10	Bounce #1 added RGB(294465, 282218, 229962)
0...1...2...3...4...5...6...7...8...9...10	Bounce #2 added RGB(50584, 45339, 34506)
0...1...2...3...4...5...6...7...8...9...10	Bounce #3 added RGB(11168, 9209, 6236)
0...1...2...3...4...5...6...7...8...9...10	Bounce #4 added RGB(2558, 2012, 1187)
0...1...2...3...4...5...6...7...8...9...10	Bounce #5 added RGB(612, 463, 227)
0...1...2...3...4...5...6...7...8...9...10	Bounce #6 added RGB(151, 115, 46)
0...1...2...3...4...5...6...7...8...9...10	Bounce #7 added RGB(38, 30, 9)
0...1...2...3...4...5...6...7...8...9...10	Bounce #8 added RGB(10, 8, 2)
0...1...2...3...4...5...6...7...8...9...10	Bounce #9 added RGB(3, 2, 0)
0...1...2...3...4...5...6...7...8...9...10	Bounce #10 added RGB(1, 1, 0)
Build Patch/Sample Hash Table(s).....Done<0.4601 sec>
0...1...2...3...4...5...6...7...8...9...10FinalLightFace Done
0 of 0 (0% of) surface lights went in leaf ambient cubes.
0...1...2...3...4...5...6...7...8...9...10Writing leaf ambient...done
Ready to Finish

Object names       Objects/Maxobjs  Memory / Maxmem  Fullness 
------------       ---------------  ---------------  -------- 
models                  45/1024         2160/49152    ( 4.4%) 
brushes               1948/8192        23376/98304    (23.8%) 
brushsides           13978/65536      111824/524288   (21.3%) 
planes                9432/65536      188640/1310720  (14.4%) 
vertexes             37679/65536      452148/786432   (57.5%) 
nodes                 9697/65536      310304/2097152  (14.8%) 
texinfos              2006/12288      144432/884736   (16.3%) 
texdata                137/2048         4384/65536    ( 6.7%) 
dispinfos               26/0            4576/0        ( 0.0%) 
disp_verts            1658/0           33160/0        ( 0.0%) 
disp_tris             2560/0            5120/0        ( 0.0%) 
disp_lmsamples      256984/0          256984/0        ( 0.0%) 
faces                26500/65536     1484000/3670016  (40.4%) 
hdr faces                0/65536           0/3670016  ( 0.0%) 
origfaces             7285/65536      407960/3670016  (11.1%) 
leaves                9743/65536      311776/2097152  (14.9%) 
leaffaces            29525/65536       59050/131072   (45.1%) 
leafbrushes           6846/65536       13692/131072   (10.4%) 
areas                    3/256            24/2048     ( 1.2%) 
surfedges           145997/512000     583988/2048000  (28.5%) 
edges                81170/256000     324680/1024000  (31.7%) 
LDR worldlights        217/8192        19096/720896   ( 2.6%) 
HDR worldlights          0/8192            0/720896   ( 0.0%) 
leafwaterdata            0/32768           0/393216   ( 0.0%) 
waterstrips           1311/32768       13110/327680   ( 4.0%) 
waterverts               0/65536           0/786432   ( 0.0%) 
waterindices         22266/65536       44532/131072   (34.0%) 
cubemapsamples           8/1024          128/16384    ( 0.8%) 
overlays                 1/512           352/180224   ( 0.2%) 
LDR lightdata         [variable]    29051320/0        ( 0.0%) 
HDR lightdata         [variable]           0/0        ( 0.0%) 
visdata               [variable]     2309258/16777216 (13.8%) 
entdata               [variable]      159138/393216   (40.5%) 
LDR ambient table     9743/65536       38972/262144   (14.9%) 
HDR ambient table     9743/65536       38972/262144   (14.9%) 
LDR leaf ambient     27527/65536      770756/1835008  (42.0%) 
HDR leaf ambient      9743/65536      272804/1835008  (14.9%) 
occluders                0/0               0/0        ( 0.0%) 
occluder polygons        0/0               0/0        ( 0.0%) 
occluder vert ind        0/0               0/0        ( 0.0%) 
detail props          [variable]           1/12       ( 8.3%) 
static props          [variable]           1/103466   ( 0.0%) 
pakfile               [variable]      802513/0        ( 0.0%) 
physics               [variable]      743812/4194304  (17.7%) 
physics terrain       [variable]        4320/1048576  ( 0.4%) 

Level flags = 0

Total triangle count: 64051
Writing c:\users\mrsandman\documents\github\gm_crimson_red\source\maps\gm_red_line_beta1.bsp
6 minutes, 39 seconds elapsed



materialPath: C:\Program Files (x86)\Steam\steamapps\common\GarrysMod\garrysmod\materials
Loading C:\Users\MrSandMan\Documents\GitHub\gm_crimson_red\source\maps\gm_red_line_beta1.vmf
ConVarRef mat_reduceparticles doesn't point to an existing ConVar
material "cyber_metrostroi/ptu/lamp" not found.
Material not found!: CYBER_METROSTROI/PTU/LAMP
Could not locate 'GameData' key in c:\program files (x86)\steam\steamapps\common\garrysmod\garrysmod\gameinfo.txt
Patching WVT material: maps/gm_red_line_beta1/metrostroi_nature/blendnature002_wvt_patch
fixing up env_cubemap materials on brush sides...
0...1...2...3...4...5...6...7...8...9...100...1...2...3...4...5...6...7...8...9...10Processing areas...done (0)
Building Faces...done (0)
Chop Details...done (0)
Find Visible Detail Sides...
Merged 522 detail faces...done (0)
Merging details...done (0)
FixTjuncs...
PruneNodes...
WriteBSP...
done (0)
writing C:\Users\MrSandMan\Documents\GitHub\gm_crimson_red\source\maps\gm_red_line_beta1.prt...Building visibility clusters...
done (1)
Creating default LDR cubemaps for env_cubemap using skybox materials:
   skybox/starrynight*.vmt
 ! Run buildcubemaps in the engine to get the correct cube maps.
Creating default HDR cubemaps for env_cubemap using skybox materials:
   skybox/starrynight*.vmt
 ! Run buildcubemaps in the engine to get the correct cube maps.
Finding displacement neighbors...
Finding lightmap sample positions...
Displacement Alpha : 0...1...2...3...4...5...6...7...8...9...10
Building Physics collision data...
done (2) (743812 bytes)
Error! To use model "models/mus/metro/kronstein.mdl"
      with prop_static, it must be compiled with $staticprop!
Error loading studio model "models/mus/metro/kronstein.mdl"!
Error! To use model "models/mus/metro/station_phonebox_3.mdl"
      with prop_static, it must be compiled with $staticprop!
Error loading studio model "models/mus/metro/station_phonebox_3.mdl"!
Error loading studio model "models/props_mill/mill_railing_128.mdl"!
Placing detail props : 0...1...2...3...4...5...6...7...8...9...10
Compacting texture/material tables...
Reduced 2578 texinfos to 2006
Reduced 166 texdatas to 137 (6612 bytes to 5544)
Writing C:\Users\MrSandMan\Documents\GitHub\gm_crimson_red\source\maps\gm_red_line_beta1.bsp
9 seconds elapsed



4 threads
reading c:\users\mrsandman\documents\github\gm_crimson_red\source\maps\gm_red_line_beta1.bsp
reading c:\users\mrsandman\documents\github\gm_crimson_red\source\maps\gm_red_line_beta1.prt
4014 portalclusters
12010 numportals
0...1...2...3...4...5...6...7...8...9...10Optimized: 70239 visible clusters (1.69%)
Total clusters visible: 4150389
Average clusters visible: 1033
Building PAS...
Average clusters audible: 2414
visdatasize:2309258  compressed from 4046112
writing c:\users\mrsandman\documents\github\gm_crimson_red\source\maps\gm_red_line_beta1.bsp
4 seconds elapsed



[Reading texlights from 'lights.rad']
[45 texlights parsed from 'lights.rad']

Loading c:\users\mrsandman\documents\github\gm_crimson_red\source\maps\gm_red_line_beta1.bsp
26500 faces
1 degenerate faces
13348709 square feet [1922214016.00 square inches]
26 Displacements
358006 Square Feet [51552872.00 Square Inches]
26499 patches before subdivision
885163 patches after subdivision
218 direct lights
0...1...2...3...4...5...6...7...8...9...100...1...2...3...4...5...6...7...8...9...10transfers 278118261, max 2683
transfer lists: 2121.9 megs
0...1...2...3...4...5...6...7...8...9...10	Bounce #1 added RGB(294465, 282218, 229962)
0...1...2...3...4...5...6...7...8...9...10	Bounce #2 added RGB(50584, 45339, 34506)
0...1...2...3...4...5...6...7...8...9...10	Bounce #3 added RGB(11168, 9209, 6236)
0...1...2...3...4...5...6...7...8...9...10	Bounce #4 added RGB(2558, 2012, 1187)
0...1...2...3...4...5...6...7...8...9...10	Bounce #5 added RGB(612, 463, 227)
0...1...2...3...4...5...6...7...8...9...10	Bounce #6 added RGB(151, 115, 46)
0...1...2...3...4...5...6...7...8...9...10	Bounce #7 added RGB(38, 30, 9)
0...1...2...3...4...5...6...7...8...9...10	Bounce #8 added RGB(10, 8, 2)
0...1...2...3...4...5...6...7...8...9...10	Bounce #9 added RGB(3, 2, 0)
0...1...2...3...4...5...6...7...8...9...10	Bounce #10 added RGB(1, 1, 0)
Build Patch/Sample Hash Table(s).....Done<0.4655 sec>
0...1...2...3...4...5...6...7...8...9...10FinalLightFace Done
0 of 0 (0% of) surface lights went in leaf ambient cubes.
0...1...2...3...4...5...6...7...8...9...10Writing leaf ambient...done
Ready to Finish

Object names       Objects/Maxobjs  Memory / Maxmem  Fullness 
------------       ---------------  ---------------  -------- 
models                  45/1024         2160/49152    ( 4.4%) 
brushes               1948/8192        23376/98304    (23.8%) 
brushsides           13978/65536      111824/524288   (21.3%) 
planes                9432/65536      188640/1310720  (14.4%) 
vertexes             37679/65536      452148/786432   (57.5%) 
nodes                 9697/65536      310304/2097152  (14.8%) 
texinfos              2006/12288      144432/884736   (16.3%) 
texdata                137/2048         4384/65536    ( 6.7%) 
dispinfos               26/0            4576/0        ( 0.0%) 
disp_verts            1658/0           33160/0        ( 0.0%) 
disp_tris             2560/0            5120/0        ( 0.0%) 
disp_lmsamples      256984/0          256984/0        ( 0.0%) 
faces                26500/65536     1484000/3670016  (40.4%) 
hdr faces                0/65536           0/3670016  ( 0.0%) 
origfaces             7285/65536      407960/3670016  (11.1%) 
leaves                9743/65536      311776/2097152  (14.9%) 
leaffaces            29525/65536       59050/131072   (45.1%) 
leafbrushes           6846/65536       13692/131072   (10.4%) 
areas                    3/256            24/2048     ( 1.2%) 
surfedges           145997/512000     583988/2048000  (28.5%) 
edges                81170/256000     324680/1024000  (31.7%) 
LDR worldlights        217/8192        19096/720896   ( 2.6%) 
HDR worldlights          0/8192            0/720896   ( 0.0%) 
leafwaterdata            0/32768           0/393216   ( 0.0%) 
waterstrips           1311/32768       13110/327680   ( 4.0%) 
waterverts               0/65536           0/786432   ( 0.0%) 
waterindices         22266/65536       44532/131072   (34.0%) 
cubemapsamples           8/1024          128/16384    ( 0.8%) 
overlays                 1/512           352/180224   ( 0.2%) 
LDR lightdata         [variable]    29051320/0        ( 0.0%) 
HDR lightdata         [variable]           0/0        ( 0.0%) 
visdata               [variable]     2309258/16777216 (13.8%) 
entdata               [variable]      159138/393216   (40.5%) 
LDR ambient table     9743/65536       38972/262144   (14.9%) 
HDR ambient table     9743/65536       38972/262144   (14.9%) 
LDR leaf ambient     27527/65536      770756/1835008  (42.0%) 
HDR leaf ambient      9743/65536      272804/1835008  (14.9%) 
occluders                0/0               0/0        ( 0.0%) 
occluder polygons        0/0               0/0        ( 0.0%) 
occluder vert ind        0/0               0/0        ( 0.0%) 
detail props          [variable]           1/12       ( 8.3%) 
static props          [variable]           1/103466   ( 0.0%) 
pakfile               [variable]      802513/0        ( 0.0%) 
physics               [variable]      743812/4194304  (17.7%) 
physics terrain       [variable]        4320/1048576  ( 0.4%) 

Level flags = 0

Total triangle count: 64051
Writing c:\users\mrsandman\documents\github\gm_crimson_red\source\maps\gm_red_line_beta1.bsp
6 minutes, 41 seconds elapsed



materialPath: C:\Program Files (x86)\Steam\steamapps\common\GarrysMod\garrysmod\materials
Loading C:\Users\MrSandMan\Documents\GitHub\gm_crimson_red\source\maps\gm_red_line_beta1.vmf
ConVarRef mat_reduceparticles doesn't point to an existing ConVar
material "cyber_metrostroi/ptu/lamp" not found.
Material not found!: CYBER_METROSTROI/PTU/LAMP
Could not locate 'GameData' key in c:\program files (x86)\steam\steamapps\common\garrysmod\garrysmod\gameinfo.txt
Patching WVT material: maps/gm_red_line_beta1/metrostroi_nature/blendnature002_wvt_patch
fixing up env_cubemap materials on brush sides...
0...1...2...3...4...5...6...7...8...9...100...1...2...3...4...5...6...7...8...9...10Processing areas...done (0)
Building Faces...done (0)
Chop Details...done (0)
Find Visible Detail Sides...
Merged 522 detail faces...done (0)
Merging details...done (0)
FixTjuncs...
PruneNodes...
WriteBSP...
done (0)
writing C:\Users\MrSandMan\Documents\GitHub\gm_crimson_red\source\maps\gm_red_line_beta1.prt...Building visibility clusters...
done (0)
Creating default LDR cubemaps for env_cubemap using skybox materials:
   skybox/starrynight*.vmt
 ! Run buildcubemaps in the engine to get the correct cube maps.
Creating default HDR cubemaps for env_cubemap using skybox materials:
   skybox/starrynight*.vmt
 ! Run buildcubemaps in the engine to get the correct cube maps.
Finding displacement neighbors...
Finding lightmap sample positions...
Displacement Alpha : 0...1...2...3...4...5...6...7...8...9...10
Building Physics collision data...
done (2) (744076 bytes)
Error! To use model "models/mus/metro/kronstein.mdl"
      with prop_static, it must be compiled with $staticprop!
Error loading studio model "models/mus/metro/kronstein.mdl"!
Error! To use model "models/mus/metro/station_phonebox_3.mdl"
      with prop_static, it must be compiled with $staticprop!
Error loading studio model "models/mus/metro/station_phonebox_3.mdl"!
Error loading studio model "models/props_mill/mill_railing_128.mdl"!
Placing detail props : 0...1...2...3...4...5...6...7...8...9...10
Compacting texture/material tables...
Reduced 2575 texinfos to 2005
Reduced 166 texdatas to 137 (6612 bytes to 5544)
Writing C:\Users\MrSandMan\Documents\GitHub\gm_crimson_red\source\maps\gm_red_line_beta1.bsp
9 seconds elapsed



4 threads
reading c:\users\mrsandman\documents\github\gm_crimson_red\source\maps\gm_red_line_beta1.bsp
reading c:\users\mrsandman\documents\github\gm_crimson_red\source\maps\gm_red_line_beta1.prt
4005 portalclusters
11964 numportals
0...1...2...3...4...5...6...7...8...9...10Optimized: 70091 visible clusters (1.70%)
Total clusters visible: 4131690
Average clusters visible: 1031
Building PAS...
Average clusters audible: 2408
visdatasize:2301664  compressed from 4037040
writing c:\users\mrsandman\documents\github\gm_crimson_red\source\maps\gm_red_line_beta1.bsp
4 seconds elapsed



[Reading texlights from 'lights.rad']
[45 texlights parsed from 'lights.rad']

Loading c:\users\mrsandman\documents\github\gm_crimson_red\source\maps\gm_red_line_beta1.bsp
26496 faces
1 degenerate faces
13348461 square feet [1922178432.00 square inches]
26 Displacements
358006 Square Feet [51552872.00 Square Inches]
26495 patches before subdivision
885141 patches after subdivision
218 direct lights
0...1...2...3...4...5...6...7...8...9...100...1...2...3...4...5...6...7...8...9...10transfers 278147499, max 2683
transfer lists: 2122.1 megs
0...1...2...3...4...5...6...7...8...9...10	Bounce #1 added RGB(294179, 281932, 229717)
0...1...2...3...4...5...6...7...8...9...10	Bounce #2 added RGB(50276, 45268, 34543)
0...1...2...3...4...5...6...7...8...9...10	Bounce #3 added RGB(10973, 9163, 6254)
0...1...2...3...4...5...6...7...8...9...10	Bounce #4 added RGB(2494, 2000, 1193)
0...1...2...3...4...5...6...7...8...9...10	Bounce #5 added RGB(590, 459, 229)
0...1...2...3...4...5...6...7...8...9...10	Bounce #6 added RGB(144, 114, 46)
0...1...2...3...4...5...6...7...8...9...10	Bounce #7 added RGB(36, 29, 9)
0...1...2...3...4...5...6...7...8...9...10	Bounce #8 added RGB(9, 8, 2)
0...1...2...3...4...5...6...7...8...9...10	Bounce #9 added RGB(2, 2, 0)
0...1...2...3...4...5...6...7...8...9...10	Bounce #10 added RGB(1, 1, 0)
Build Patch/Sample Hash Table(s).....Done<0.4603 sec>
0...1...2...3...4...5...6...7...8...9...10FinalLightFace Done
0 of 0 (0% of) surface lights went in leaf ambient cubes.
0...1...2...3...4...5...6...7...8...9...10Writing leaf ambient...done
Ready to Finish

Object names       Objects/Maxobjs  Memory / Maxmem  Fullness 
------------       ---------------  ---------------  -------- 
models                  45/1024         2160/49152    ( 4.4%) 
brushes               1947/8192        23364/98304    (23.8%) 
brushsides           13972/65536      111776/524288   (21.3%) 
planes                9424/65536      188480/1310720  (14.4%) 
vertexes             37648/65536      451776/786432   (57.4%) 
nodes                 9689/65536      310048/2097152  (14.8%) 
texinfos              2005/12288      144360/884736   (16.3%) 
texdata                137/2048         4384/65536    ( 6.7%) 
dispinfos               26/0            4576/0        ( 0.0%) 
disp_verts            1658/0           33160/0        ( 0.0%) 
disp_tris             2560/0            5120/0        ( 0.0%) 
disp_lmsamples      256984/0          256984/0        ( 0.0%) 
faces                26496/65536     1483776/3670016  (40.4%) 
hdr faces                0/65536           0/3670016  ( 0.0%) 
origfaces             7294/65536      408464/3670016  (11.1%) 
leaves                9735/65536      311520/2097152  (14.9%) 
leaffaces            29505/65536       59010/131072   (45.0%) 
leafbrushes           6847/65536       13694/131072   (10.4%) 
areas                    3/256            24/2048     ( 1.2%) 
surfedges           146008/512000     584032/2048000  (28.5%) 
edges                81169/256000     324676/1024000  (31.7%) 
LDR worldlights        217/8192        19096/720896   ( 2.6%) 
HDR worldlights          0/8192            0/720896   ( 0.0%) 
leafwaterdata            0/32768           0/393216   ( 0.0%) 
waterstrips           1305/32768       13050/327680   ( 4.0%) 
waterverts               0/65536           0/786432   ( 0.0%) 
waterindices         22173/65536       44346/131072   (33.8%) 
cubemapsamples           8/1024          128/16384    ( 0.8%) 
overlays                 1/512           352/180224   ( 0.2%) 
LDR lightdata         [variable]    29052968/0        ( 0.0%) 
HDR lightdata         [variable]           0/0        ( 0.0%) 
visdata               [variable]     2301664/16777216 (13.7%) 
entdata               [variable]      159138/393216   (40.5%) 
LDR ambient table     9735/65536       38940/262144   (14.9%) 
HDR ambient table     9735/65536       38940/262144   (14.9%) 
LDR leaf ambient     27350/65536      765800/1835008  (41.7%) 
HDR leaf ambient      9735/65536      272580/1835008  (14.9%) 
occluders                0/0               0/0        ( 0.0%) 
occluder polygons        0/0               0/0        ( 0.0%) 
occluder vert ind        0/0               0/0        ( 0.0%) 
detail props          [variable]           1/12       ( 8.3%) 
static props          [variable]           1/103450   ( 0.0%) 
pakfile               [variable]      802513/0        ( 0.0%) 
physics               [variable]      744076/4194304  (17.7%) 
physics terrain       [variable]        4320/1048576  ( 0.4%) 

Level flags = 0

Total triangle count: 64034
Writing c:\users\mrsandman\documents\github\gm_crimson_red\source\maps\gm_red_line_beta1.bsp
6 minutes, 40 seconds elapsed



materialPath: C:\Program Files (x86)\Steam\steamapps\common\GarrysMod\garrysmod\materials
Loading C:\Users\MrSandMan\Documents\GitHub\gm_crimson_red\source\maps\gm_red_line_beta1.vmf
ConVarRef mat_reduceparticles doesn't point to an existing ConVar
material "cyber_metrostroi/ptu/lamp" not found.
Material not found!: CYBER_METROSTROI/PTU/LAMP
Could not locate 'GameData' key in c:\program files (x86)\steam\steamapps\common\garrysmod\garrysmod\gameinfo.txt
Patching WVT material: maps/gm_red_line_beta1/metrostroi_nature/blendnature002_wvt_patch
fixing up env_cubemap materials on brush sides...
0...1...2...3...4...5...6...7...8...9...100...1...2...3...4...5...6...7...8...9...10Processing areas...done (0)
Building Faces...done (0)
Chop Details...done (0)
Find Visible Detail Sides...
Merged 522 detail faces...done (0)
Merging details...done (0)
FixTjuncs...
PruneNodes...
WriteBSP...
done (0)
writing C:\Users\MrSandMan\Documents\GitHub\gm_crimson_red\source\maps\gm_red_line_beta1.prt...Building visibility clusters...
done (0)
Creating default LDR cubemaps for env_cubemap using skybox materials:
   skybox/starrynight*.vmt
 ! Run buildcubemaps in the engine to get the correct cube maps.
Creating default HDR cubemaps for env_cubemap using skybox materials:
   skybox/starrynight*.vmt
 ! Run buildcubemaps in the engine to get the correct cube maps.
Finding displacement neighbors...
Finding lightmap sample positions...
Displacement Alpha : 0...1...2...3...4...5...6...7...8...9...10
Building Physics collision data...
done (2) (744076 bytes)
Error! To use model "models/mus/metro/kronstein.mdl"
      with prop_static, it must be compiled with $staticprop!
Error loading studio model "models/mus/metro/kronstein.mdl"!
Error! To use model "models/mus/metro/station_phonebox_3.mdl"
      with prop_static, it must be compiled with $staticprop!
Error loading studio model "models/mus/metro/station_phonebox_3.mdl"!
Error loading studio model "models/props_mill/mill_railing_128.mdl"!
Placing detail props : 0...1...2...3...4...5...6...7...8...9...10
Compacting texture/material tables...
Reduced 2575 texinfos to 2005
Reduced 166 texdatas to 137 (6612 bytes to 5544)
Writing C:\Users\MrSandMan\Documents\GitHub\gm_crimson_red\source\maps\gm_red_line_beta1.bsp
8 seconds elapsed



4 threads
reading c:\users\mrsandman\documents\github\gm_crimson_red\source\maps\gm_red_line_beta1.bsp
reading c:\users\mrsandman\documents\github\gm_crimson_red\source\maps\gm_red_line_beta1.prt
4005 portalclusters
11964 numportals
0...1...2...3...4...5...6...7...8...9...10Optimized: 70091 visible clusters (1.70%)
Total clusters visible: 4131690
Average clusters visible: 1031
Building PAS...
Average clusters audible: 2408
visdatasize:2301664  compressed from 4037040
writing c:\users\mrsandman\documents\github\gm_crimson_red\source\maps\gm_red_line_beta1.bsp
5 seconds elapsed



[Reading texlights from 'lights.rad']
[45 texlights parsed from 'lights.rad']

Loading c:\users\mrsandman\documents\github\gm_crimson_red\source\maps\gm_red_line_beta1.bsp
26496 faces
1 degenerate faces
13348461 square feet [1922178432.00 square inches]
26 Displacements
358006 Square Feet [51552872.00 Square Inches]
26495 patches before subdivision
885141 patches after subdivision
218 direct lights
0...1...2...3...4...5...6...7...8...9...100...1...2...3...4...5...6...7...8...9...10transfers 278147499, max 2683
transfer lists: 2122.1 megs
0...1...2...3...4...5...6...7...8...9...10	Bounce #1 added RGB(294179, 281932, 229717)
0...1...2...3...4...5...6...7...8...9...10	Bounce #2 added RGB(50276, 45268, 34543)
0...1...2...3...4...5...6...7...8...9...10	Bounce #3 added RGB(10973, 9163, 6254)
0...1...2...3...4...5...6...7...8...9...10	Bounce #4 added RGB(2494, 2000, 1193)
0...1...2...3...4...5...6...7...8...9...10	Bounce #5 added RGB(590, 459, 229)
0...1...2...3...4...5...6...7...8...9...10	Bounce #6 added RGB(144, 114, 46)
0...1...2...3...4...5...6...7...8...9...10	Bounce #7 added RGB(36, 29, 9)
0...1...2...3...4...5...6...7...8...9...10	Bounce #8 added RGB(9, 8, 2)
0...1...2...3...4...5...6...7...8...9...10	Bounce #9 added RGB(2, 2, 0)
0...1...2...3...4...5...6...7...8...9...10	Bounce #10 added RGB(1, 1, 0)
Build Patch/Sample Hash Table(s).....Done<0.4714 sec>
0...1...2...3...4...5...6...7...8...9...10FinalLightFace Done
0 of 0 (0% of) surface lights went in leaf ambient cubes.
0...1...2...3...4...5...6...7...8...9...10Writing leaf ambient...done
Ready to Finish

Object names       Objects/Maxobjs  Memory / Maxmem  Fullness 
------------       ---------------  ---------------  -------- 
models                  45/1024         2160/49152    ( 4.4%) 
brushes               1947/8192        23364/98304    (23.8%) 
brushsides           13972/65536      111776/524288   (21.3%) 
planes                9424/65536      188480/1310720  (14.4%) 
vertexes             37648/65536      451776/786432   (57.4%) 
nodes                 9689/65536      310048/2097152  (14.8%) 
texinfos              2005/12288      144360/884736   (16.3%) 
texdata                137/2048         4384/65536    ( 6.7%) 
dispinfos               26/0            4576/0        ( 0.0%) 
disp_verts            1658/0           33160/0        ( 0.0%) 
disp_tris             2560/0            5120/0        ( 0.0%) 
disp_lmsamples      256984/0          256984/0        ( 0.0%) 
faces                26496/65536     1483776/3670016  (40.4%) 
hdr faces                0/65536           0/3670016  ( 0.0%) 
origfaces             7294/65536      408464/3670016  (11.1%) 
leaves                9735/65536      311520/2097152  (14.9%) 
leaffaces            29505/65536       59010/131072   (45.0%) 
leafbrushes           6847/65536       13694/131072   (10.4%) 
areas                    3/256            24/2048     ( 1.2%) 
surfedges           146008/512000     584032/2048000  (28.5%) 
edges                81169/256000     324676/1024000  (31.7%) 
LDR worldlights        217/8192        19096/720896   ( 2.6%) 
HDR worldlights          0/8192            0/720896   ( 0.0%) 
leafwaterdata            0/32768           0/393216   ( 0.0%) 
waterstrips           1305/32768       13050/327680   ( 4.0%) 
waterverts               0/65536           0/786432   ( 0.0%) 
waterindices         22173/65536       44346/131072   (33.8%) 
cubemapsamples           8/1024          128/16384    ( 0.8%) 
overlays                 1/512           352/180224   ( 0.2%) 
LDR lightdata         [variable]    29052968/0        ( 0.0%) 
HDR lightdata         [variable]           0/0        ( 0.0%) 
visdata               [variable]     2301664/16777216 (13.7%) 
entdata               [variable]      159138/393216   (40.5%) 
LDR ambient table     9735/65536       38940/262144   (14.9%) 
HDR ambient table     9735/65536       38940/262144   (14.9%) 
LDR leaf ambient     27350/65536      765800/1835008  (41.7%) 
HDR leaf ambient      9735/65536      272580/1835008  (14.9%) 
occluders                0/0               0/0        ( 0.0%) 
occluder polygons        0/0               0/0        ( 0.0%) 
occluder vert ind        0/0               0/0        ( 0.0%) 
detail props          [variable]           1/12       ( 8.3%) 
static props          [variable]           1/103450   ( 0.0%) 
pakfile               [variable]      802513/0        ( 0.0%) 
physics               [variable]      744076/4194304  (17.7%) 
physics terrain       [variable]        4320/1048576  ( 0.4%) 

Level flags = 0

Total triangle count: 64034
Writing c:\users\mrsandman\documents\github\gm_crimson_red\source\maps\gm_red_line_beta1.bsp
7 minutes, 9 seconds elapsed



materialPath: C:\Program Files (x86)\Steam\steamapps\common\GarrysMod\garrysmod\materials
Loading C:\Users\MrSandMan\Documents\GitHub\gm_crimson_red\source\maps\gm_red_line_beta1.vmf
ConVarRef mat_reduceparticles doesn't point to an existing ConVar
material "cyber_metrostroi/ptu/lamp" not found.
Material not found!: CYBER_METROSTROI/PTU/LAMP
material "metrostroi/props/metalhull010b" not found.
Material not found!: METROSTROI/PROPS/METALHULL010B
material "cyber_metrostroi/vor/vor_met_2" not found.
Material not found!: CYBER_METROSTROI/VOR/VOR_MET_2
material "cyber_metrostroi/vor/marble1" not found.
Material not found!: CYBER_METROSTROI/VOR/MARBLE1
Could not locate 'GameData' key in c:\program files (x86)\steam\steamapps\common\garrysmod\garrysmod\gameinfo.txt
Patching WVT material: maps/gm_red_line_beta1/metrostroi_nature/blendnature002_wvt_patch
fixing up env_cubemap materials on brush sides...
0...1...2...3...4...5...6...7...8...9...10**** leaked ****
Entity prop_static (3801.00 -7300.00 432.97) leaked!

FindPortalSide: Couldn't find a good match for which brush to assign to a portal near (14848.0 15360.0 285.0)
Leaf 0 contents: 
Leaf 1 contents: CONTENTS_SOLID 
viscontents (node 0 contents ^ node 1 contents): CONTENTS_SOLID 
This means that none of the brushes in leaf 0 or 1 that touches the portal has CONTENTS_SOLID 
Check for a huge brush enclosing the coordinates above that has contents CONTENTS_SOLID 
Candidate brush IDs: 


FindPortalSide: Couldn't find a good match for which brush to assign to a portal near (15360.0 14848.0 285.0)
Leaf 0 contents: 
Leaf 1 contents: CONTENTS_SOLID 
viscontents (node 0 contents ^ node 1 contents): CONTENTS_SOLID 
This means that none of the brushes in leaf 0 or 1 that touches the portal has CONTENTS_SOLID 
Check for a huge brush enclosing the coordinates above that has contents CONTENTS_SOLID 
Candidate brush IDs: 


FindPortalSide: Couldn't find a good match for which brush to assign to a portal near (15360.0 13824.0 285.0)
Leaf 0 contents: 
Leaf 1 contents: CONTENTS_SOLID 
viscontents (node 0 contents ^ node 1 contents): CONTENTS_SOLID 
This means that none of the brushes in leaf 0 or 1 that touches the portal has CONTENTS_SOLID 
Check for a huge brush enclosing the coordinates above that has contents CONTENTS_SOLID 
Candidate brush IDs: 


FindPortalSide: Couldn't find a good match for which brush to assign to a portal near (13824.0 15360.0 285.0)
Leaf 0 contents: 
Leaf 1 contents: CONTENTS_SOLID 
viscontents (node 0 contents ^ node 1 contents): CONTENTS_SOLID 
This means that none of the brushes in leaf 0 or 1 that touches the portal has CONTENTS_SOLID 
Check for a huge brush enclosing the coordinates above that has contents CONTENTS_SOLID 
Candidate brush IDs: 


FindPortalSide: Couldn't find a good match for which brush to assign to a portal near (12800.0 15360.0 285.0)
Leaf 0 contents: 
Leaf 1 contents: CONTENTS_SOLID 
viscontents (node 0 contents ^ node 1 contents): CONTENTS_SOLID 
This means that none of the brushes in leaf 0 or 1 that touches the portal has CONTENTS_SOLID 
Check for a huge brush enclosing the coordinates above that has contents CONTENTS_SOLID 
Candidate brush IDs: 


FindPortalSide: Couldn't find a good match for which brush to assign to a portal near (15360.0 12800.0 285.0)
Leaf 0 contents: 
Leaf 1 contents: CONTENTS_SOLID 
viscontents (node 0 contents ^ node 1 contents): CONTENTS_SOLID 
This means that none of the brushes in leaf 0 or 1 that touches the portal has CONTENTS_SOLID 
Check for a huge brush enclosing the coordinates above that has contents CONTENTS_SOLID 
Candidate brush IDs: 


FindPortalSide: Couldn't find a good match for which brush to assign to a portal near (15360.0 11776.0 285.0)
Leaf 0 contents: 
Leaf 1 contents: CONTENTS_SOLID 
viscontents (node 0 contents ^ node 1 contents): CONTENTS_SOLID 
This means that none of the brushes in leaf 0 or 1 that touches the portal has CONTENTS_SOLID 
Check for a huge brush enclosing the coordinates above that has contents CONTENTS_SOLID 
Candidate brush IDs: 


FindPortalSide: Couldn't find a good match for which brush to assign to a portal near (15360.0 10752.0 285.0)
Leaf 0 contents: 
Leaf 1 contents: CONTENTS_SOLID 
viscontents (node 0 contents ^ node 1 contents): CONTENTS_SOLID 
This means that none of the brushes in leaf 0 or 1 that touches the portal has CONTENTS_SOLID 
Check for a huge brush enclosing the coordinates above that has contents CONTENTS_SOLID 
Candidate brush IDs: 

*** Suppressing further FindPortalSide errors.... ***
Processing areas...done (0)
Building Faces...done (0)
Chop Details...done (0)
Find Visible Detail Sides...
Merged 644 detail faces...done (1)
Merging details...done (0)
FixTjuncs...
PruneNodes...
WriteBSP...
done (1)
Creating default LDR cubemaps for env_cubemap using skybox materials:
   skybox/starrynight*.vmt
 ! Run buildcubemaps in the engine to get the correct cube maps.
Creating default HDR cubemaps for env_cubemap using skybox materials:
   skybox/starrynight*.vmt
 ! Run buildcubemaps in the engine to get the correct cube maps.
Finding displacement neighbors...
Finding lightmap sample positions...
Displacement Alpha : 0...1...2...3...4...5...6...7...8...9...10
Building Physics collision data...
done (3) (969752 bytes)
Error! To use model "models/mus/metro/kronstein.mdl"
      with prop_static, it must be compiled with $staticprop!
Error loading studio model "models/mus/metro/kronstein.mdl"!
Error! To use model "models/mus/metro/station_phonebox_3.mdl"
      with prop_static, it must be compiled with $staticprop!
Error loading studio model "models/mus/metro/station_phonebox_3.mdl"!
Error loading studio model "models/props_mill/mill_railing_128.mdl"!
Static prop models/metrostroi/tracks/switch4096_1.mdl outside the map (4210.00, -8427.00, 443.72)
Static prop models/metrostroi/tracks/switch4096_3a.mdl outside the map (4209.00, -8427.00, 443.72)
Static prop models/metrostroi/tracks/switch4096_2.mdl outside the map (4210.00, -8427.00, 443.72)
Static prop models/metrostroi/tracks/switch4096_1.mdl outside the map (3944.00, -6379.00, 443.72)
Static prop models/metrostroi/tracks/switch4096_2.mdl outside the map (3944.00, -6379.00, 443.72)
Static prop models/metrostroi/tracks/switch4096_3a.mdl outside the map (3944.00, -6379.00, 443.72)
Static prop models/metrostroi/tracks/railroad1024_plain.mdl outside the map (4210.00, -5355.00, 443.72)
Static prop models/metrostroi/tracks/railroad1024_plain.mdl outside the map (4210.00, -4331.00, 443.72)
Static prop models/metrostroi/tracks/switch4096_1.mdl outside the map (3679.00, -4331.00, 443.72)
Static prop models/metrostroi/tracks/railroad1024_plain.mdl outside the map (4210.00, -2283.00, 443.72)
Static prop models/metrostroi/tracks/railroad1024_plain.mdl outside the map (3945.00, -3306.00, 443.72)
Static prop models/metrostroi/tracks/railroad1024_plain.mdl outside the map (4210.00, -3307.00, 443.72)
Static prop models/concrete_fence_01.mdl outside the map (3959.00, -8081.00, 432.97)
Static prop models/concrete_fence_01.mdl outside the map (3941.00, -7922.00, 432.97)
Static prop models/concrete_fence_01.mdl outside the map (3919.00, -7764.00, 432.97)
Static prop models/concrete_fence_01.mdl outside the map (3888.00, -7608.00, 432.97)
Static prop models/concrete_fence_01.mdl outside the map (3848.00, -7453.00, 432.97)
Static prop models/concrete_fence_01.mdl outside the map (3801.00, -7300.00, 432.97)
Static prop models/concrete_fence_01.mdl outside the map (3718.00, -7168.00, 432.97)
Static prop models/concrete_fence_01.mdl outside the map (3586.00, -7088.00, 432.97)
Static prop models/concrete_fence_01.mdl outside the map (3431.00, -7059.00, 436.75)
Static prop models/concrete_fence_01.mdl outside the map (3271.00, -7053.00, 451.53)
Static prop models/concrete_fence_01.mdl outside the map (4108.00, 5702.00, 428.72)
Static prop models/concrete_fence_01.mdl outside the map (4111.00, 3787.00, 420.72)
Static prop models/concrete_fence_01.mdl outside the map (4111.00, 3627.00, 420.72)
Static prop models/concrete_fence_01.mdl outside the map (4115.00, 3468.00, 420.72)
Static prop models/concrete_fence_01.mdl outside the map (4111.00, 2670.00, 423.72)
Static prop models/concrete_fence_01.mdl outside the map (4110.00, 2510.00, 427.72)
Static prop models/concrete_fence_01.mdl outside the map (4112.00, 2350.00, 427.72)
Static prop models/props_wasteland/lights_industrialcluster01a.mdl outside the map (3814.40, -3970.30, 825.29)
Static prop models/concrete_fence_01.mdl outside the map (4171.00, 2225.00, 432.97)
Static prop models/concrete_fence_01.mdl outside the map (4303.79, 2135.69, 432.97)
Static prop models/metrostroi/tracks/railroad4096.mdl outside the map (3678.83, 2399.26, 445.94)
Static prop models/metrostroi/tracks/railroad4096.mdl outside the map (3679.00, 1815.00, 444.72)
Static prop models/metrostroi/tracks/dead_end.mdl outside the map (3681.00, 6350.00, 445.72)
Static prop models/metrostroi/tracks/railroad1024_plain.mdl outside the map (2405.00, 3687.00, 443.72)
Static prop models/metrostroi/tracks/railroad1024_plain.mdl outside the map (2405.00, 4711.00, 443.72)
Static prop models/metrostroi/tracks/switch4096_3a.mdl outside the map (2404.00, 1810.00, 443.95)
Static prop models/metrostroi/tracks/switch4096_1.mdl outside the map (2139.00, 3859.00, 443.72)
Static prop models/metrostroi/tracks/switch4096_3a.mdl outside the map (1872.00, 5907.00, 435.35)
Static prop models/metrostroi/tracks/switch4096_1.mdl outside the map (1873.00, 5907.00, 435.35)
Static prop models/metrostroi/tracks/railroad1024_plain.mdl outside the map (1879.00, 7784.00, 435.72)
Static prop models/metrostroi/tracks/railroad1024_plain.mdl outside the map (1783.00, 2586.17, 443.72)
Static prop models/concrete_fence_01.mdl outside the map (2813.00, 4117.00, 428.72)
Static prop models/concrete_fence_01.mdl outside the map (2813.00, 4277.00, 425.73)
Static prop models/concrete_fence_01.mdl outside the map (2813.00, 4437.00, 426.79)
Static prop models/concrete_fence_01.mdl outside the map (2813.00, 4597.00, 423.80)
Static prop models/concrete_fence_01.mdl outside the map (2813.00, 4757.00, 420.25)
Static prop models/concrete_fence_01.mdl outside the map (2813.00, 4916.00, 450.27)
Static prop models/metrostroi/tracks/switch4096_3a.mdl outside the map (1609.00, 2730.00, 434.72)
Static prop models/metrostroi/tracks/railroad1024_plain.mdl outside the map (1343.00, 5802.00, 433.72)
Static prop models/metrostroi/tracks/railroad1024_plain.mdl outside the map (1342.00, 6824.00, 433.72)
Static prop models/metrostroi/tracks/railroad1024_plain.mdl outside the map (1351.00, 7850.00, 434.72)
Static prop models/concrete_fence_01.mdl outside the map (1105.00, 2148.00, 432.97)
Static prop models/concrete_fence_01.mdl outside the map (1102.00, 2308.00, 432.97)
Static prop models/concrete_fence_01.mdl outside the map (2826.00, 3487.00, 438.80)
Static prop models/concrete_fence_01.mdl outside the map (2826.00, 3647.00, 438.80)
Static prop models/concrete_fence_01.mdl outside the map (2822.00, 3807.00, 438.80)
Static prop models/concrete_fence_01.mdl outside the map (2819.00, 3967.00, 438.80)
Static prop models/concrete_fence_01.mdl outside the map (2828.00, 3327.00, 438.80)
Static prop models/concrete_fence_01.mdl outside the map (2815.00, 3168.00, 438.80)
Static prop models/concrete_fence_01.mdl outside the map (2818.00, 3008.00, 438.80)
Static prop models/concrete_fence_01.mdl outside the map (2823.00, 2378.00, 434.00)
Static prop models/concrete_fence_01.mdl outside the map (2823.00, 2538.00, 434.00)
Static prop models/concrete_fence_01.mdl outside the map (2819.00, 2698.00, 434.00)
Static prop models/concrete_fence_01.mdl outside the map (2816.00, 2858.00, 434.00)
Static prop models/concrete_fence_01.mdl outside the map (2825.00, 2218.00, 434.00)
Static prop models/concrete_fence_01.mdl outside the map (3819.00, -3720.00, 440.14)
Static prop models/concrete_fence_01.mdl outside the map (3817.00, -3560.00, 440.14)
Static prop models/concrete_fence_01.mdl outside the map (3820.00, -3400.00, 442.03)
Static prop models/concrete_fence_01.mdl outside the map (3818.00, -3240.00, 442.03)
Placing detail props : 0...1...2...3...4...5...6...7...8...9...10
Compacting texture/material tables...
Reduced 2707 texinfos to 2207
Reduced 186 texdatas to 155 (7384 bytes to 6268)
Writing C:\Users\MrSandMan\Documents\GitHub\gm_crimson_red\source\maps\gm_red_line_beta1.bsp
12 seconds elapsed



materialPath: C:\Program Files (x86)\Steam\steamapps\common\GarrysMod\garrysmod\materials
Loading C:\Users\MrSandMan\Documents\GitHub\gm_crimson_red\source\maps\gm_red_line_beta1.vmf
ConVarRef mat_reduceparticles doesn't point to an existing ConVar
material "cyber_metrostroi/ptu/lamp" not found.
Material not found!: CYBER_METROSTROI/PTU/LAMP
material "metrostroi/props/metalhull010b" not found.
Material not found!: METROSTROI/PROPS/METALHULL010B
material "cyber_metrostroi/vor/vor_met_2" not found.
Material not found!: CYBER_METROSTROI/VOR/VOR_MET_2
material "cyber_metrostroi/vor/marble1" not found.
Material not found!: CYBER_METROSTROI/VOR/MARBLE1
Could not locate 'GameData' key in c:\program files (x86)\steam\steamapps\common\garrysmod\garrysmod\gameinfo.txt
Patching WVT material: maps/gm_red_line_beta1/metrostroi_nature/blendnature002_wvt_patch
fixing up env_cubemap materials on brush sides...
0...1...2...3...4...5...6...7...8...9...10**** leaked ****
Entity prop_static (2672.00 15402.00 434.72) leaked!

FindPortalSide: Couldn't find a good match for which brush to assign to a portal near (14848.0 15360.0 285.0)
Leaf 0 contents: 
Leaf 1 contents: CONTENTS_SOLID 
viscontents (node 0 contents ^ node 1 contents): CONTENTS_SOLID 
This means that none of the brushes in leaf 0 or 1 that touches the portal has CONTENTS_SOLID 
Check for a huge brush enclosing the coordinates above that has contents CONTENTS_SOLID 
Candidate brush IDs: 


FindPortalSide: Couldn't find a good match for which brush to assign to a portal near (15360.0 14848.0 285.0)
Leaf 0 contents: 
Leaf 1 contents: CONTENTS_SOLID 
viscontents (node 0 contents ^ node 1 contents): CONTENTS_SOLID 
This means that none of the brushes in leaf 0 or 1 that touches the portal has CONTENTS_SOLID 
Check for a huge brush enclosing the coordinates above that has contents CONTENTS_SOLID 
Candidate brush IDs: 


FindPortalSide: Couldn't find a good match for which brush to assign to a portal near (15360.0 13824.0 285.0)
Leaf 0 contents: 
Leaf 1 contents: CONTENTS_SOLID 
viscontents (node 0 contents ^ node 1 contents): CONTENTS_SOLID 
This means that none of the brushes in leaf 0 or 1 that touches the portal has CONTENTS_SOLID 
Check for a huge brush enclosing the coordinates above that has contents CONTENTS_SOLID 
Candidate brush IDs: 


FindPortalSide: Couldn't find a good match for which brush to assign to a portal near (13824.0 15360.0 285.0)
Leaf 0 contents: 
Leaf 1 contents: CONTENTS_SOLID 
viscontents (node 0 contents ^ node 1 contents): CONTENTS_SOLID 
This means that none of the brushes in leaf 0 or 1 that touches the portal has CONTENTS_SOLID 
Check for a huge brush enclosing the coordinates above that has contents CONTENTS_SOLID 
Candidate brush IDs: 


FindPortalSide: Couldn't find a good match for which brush to assign to a portal near (12800.0 15360.0 285.0)
Leaf 0 contents: 
Leaf 1 contents: CONTENTS_SOLID 
viscontents (node 0 contents ^ node 1 contents): CONTENTS_SOLID 
This means that none of the brushes in leaf 0 or 1 that touches the portal has CONTENTS_SOLID 
Check for a huge brush enclosing the coordinates above that has contents CONTENTS_SOLID 
Candidate brush IDs: 


FindPortalSide: Couldn't find a good match for which brush to assign to a portal near (15360.0 12800.0 285.0)
Leaf 0 contents: 
Leaf 1 contents: CONTENTS_SOLID 
viscontents (node 0 contents ^ node 1 contents): CONTENTS_SOLID 
This means that none of the brushes in leaf 0 or 1 that touches the portal has CONTENTS_SOLID 
Check for a huge brush enclosing the coordinates above that has contents CONTENTS_SOLID 
Candidate brush IDs: 


FindPortalSide: Couldn't find a good match for which brush to assign to a portal near (15360.0 11776.0 285.0)
Leaf 0 contents: 
Leaf 1 contents: CONTENTS_SOLID 
viscontents (node 0 contents ^ node 1 contents): CONTENTS_SOLID 
This means that none of the brushes in leaf 0 or 1 that touches the portal has CONTENTS_SOLID 
Check for a huge brush enclosing the coordinates above that has contents CONTENTS_SOLID 
Candidate brush IDs: 


FindPortalSide: Couldn't find a good match for which brush to assign to a portal near (15360.0 10752.0 285.0)
Leaf 0 contents: 
Leaf 1 contents: CONTENTS_SOLID 
viscontents (node 0 contents ^ node 1 contents): CONTENTS_SOLID 
This means that none of the brushes in leaf 0 or 1 that touches the portal has CONTENTS_SOLID 
Check for a huge brush enclosing the coordinates above that has contents CONTENTS_SOLID 
Candidate brush IDs: 

*** Suppressing further FindPortalSide errors.... ***
Processing areas...done (0)
Building Faces...done (0)
Chop Details...done (0)
Find Visible Detail Sides...
Merged 644 detail faces...done (0)
Merging details...done (0)
FixTjuncs...
PruneNodes...
WriteBSP...
done (1)
Creating default LDR cubemaps for env_cubemap using skybox materials:
   skybox/starrynight*.vmt
 ! Run buildcubemaps in the engine to get the correct cube maps.
Creating default HDR cubemaps for env_cubemap using skybox materials:
   skybox/starrynight*.vmt
 ! Run buildcubemaps in the engine to get the correct cube maps.
Finding displacement neighbors...
Finding lightmap sample positions...
Displacement Alpha : 0...1...2...3...4...5...6...7...8...9...10
Building Physics collision data...
done (2) (970144 bytes)
Error! To use model "models/mus/metro/kronstein.mdl"
      with prop_static, it must be compiled with $staticprop!
Error loading studio model "models/mus/metro/kronstein.mdl"!
Error! To use model "models/mus/metro/station_phonebox_3.mdl"
      with prop_static, it must be compiled with $staticprop!
Error loading studio model "models/mus/metro/station_phonebox_3.mdl"!
Error loading studio model "models/props_mill/mill_railing_128.mdl"!
Placing detail props : 0...1...2...3...4...5...6...7...8...9...10
Compacting texture/material tables...
Reduced 2707 texinfos to 2207
Reduced 186 texdatas to 155 (7384 bytes to 6268)
Writing C:\Users\MrSandMan\Documents\GitHub\gm_crimson_red\source\maps\gm_red_line_beta1.bsp
10 seconds elapsed



materialPath: C:\Program Files (x86)\Steam\steamapps\common\GarrysMod\garrysmod\materials
Loading C:\Users\MrSandMan\Documents\GitHub\gm_crimson_red\source\maps\gm_red_line_beta1.vmf
ConVarRef mat_reduceparticles doesn't point to an existing ConVar
material "cyber_metrostroi/ptu/lamp" not found.
Material not found!: CYBER_METROSTROI/PTU/LAMP
material "metrostroi/props/metalhull010b" not found.
Material not found!: METROSTROI/PROPS/METALHULL010B
material "cyber_metrostroi/vor/vor_met_2" not found.
Material not found!: CYBER_METROSTROI/VOR/VOR_MET_2
material "cyber_metrostroi/vor/marble1" not found.
Material not found!: CYBER_METROSTROI/VOR/MARBLE1
Could not locate 'GameData' key in c:\program files (x86)\steam\steamapps\common\garrysmod\garrysmod\gameinfo.txt
Patching WVT material: maps/gm_red_line_beta1/metrostroi_nature/blendnature002_wvt_patch
fixing up env_cubemap materials on brush sides...
0...1...2...3...4...5...6...7...8...9...10**** leaked ****
Entity prop_static (4093.00 -9981.20 598.91) leaked!

FindPortalSide: Couldn't find a good match for which brush to assign to a portal near (14848.0 16384.0 285.0)
Leaf 0 contents: 
Leaf 1 contents: CONTENTS_SOLID 
viscontents (node 0 contents ^ node 1 contents): CONTENTS_SOLID 
This means that none of the brushes in leaf 0 or 1 that touches the portal has CONTENTS_SOLID 
Check for a huge brush enclosing the coordinates above that has contents CONTENTS_SOLID 
Candidate brush IDs: 


FindPortalSide: Couldn't find a good match for which brush to assign to a portal near (15360.0 15872.0 285.0)
Leaf 0 contents: 
Leaf 1 contents: CONTENTS_SOLID 
viscontents (node 0 contents ^ node 1 contents): CONTENTS_SOLID 
This means that none of the brushes in leaf 0 or 1 that touches the portal has CONTENTS_SOLID 
Check for a huge brush enclosing the coordinates above that has contents CONTENTS_SOLID 
Candidate brush IDs: 


FindPortalSide: Couldn't find a good match for which brush to assign to a portal near (13824.0 16384.0 285.0)
Leaf 0 contents: 
Leaf 1 contents: CONTENTS_SOLID 
viscontents (node 0 contents ^ node 1 contents): CONTENTS_SOLID 
This means that none of the brushes in leaf 0 or 1 that touches the portal has CONTENTS_SOLID 
Check for a huge brush enclosing the coordinates above that has contents CONTENTS_SOLID 
Candidate brush IDs: 


FindPortalSide: Couldn't find a good match for which brush to assign to a portal near (12800.0 16384.0 285.0)
Leaf 0 contents: 
Leaf 1 contents: CONTENTS_SOLID 
viscontents (node 0 contents ^ node 1 contents): CONTENTS_SOLID 
This means that none of the brushes in leaf 0 or 1 that touches the portal has CONTENTS_SOLID 
Check for a huge brush enclosing the coordinates above that has contents CONTENTS_SOLID 
Candidate brush IDs: 


FindPortalSide: Couldn't find a good match for which brush to assign to a portal near (15360.0 14848.0 285.0)
Leaf 0 contents: 
Leaf 1 contents: CONTENTS_SOLID 
viscontents (node 0 contents ^ node 1 contents): CONTENTS_SOLID 
This means that none of the brushes in leaf 0 or 1 that touches the portal has CONTENTS_SOLID 
Check for a huge brush enclosing the coordinates above that has contents CONTENTS_SOLID 
Candidate brush IDs: 


FindPortalSide: Couldn't find a good match for which brush to assign to a portal near (15360.0 13824.0 285.0)
Leaf 0 contents: 
Leaf 1 contents: CONTENTS_SOLID 
viscontents (node 0 contents ^ node 1 contents): CONTENTS_SOLID 
This means that none of the brushes in leaf 0 or 1 that touches the portal has CONTENTS_SOLID 
Check for a huge brush enclosing the coordinates above that has contents CONTENTS_SOLID 
Candidate brush IDs: 


FindPortalSide: Couldn't find a good match for which brush to assign to a portal near (11776.0 16384.0 285.0)
Leaf 0 contents: 
Leaf 1 contents: CONTENTS_SOLID 
viscontents (node 0 contents ^ node 1 contents): CONTENTS_SOLID 
This means that none of the brushes in leaf 0 or 1 that touches the portal has CONTENTS_SOLID 
Check for a huge brush enclosing the coordinates above that has contents CONTENTS_SOLID 
Candidate brush IDs: 


FindPortalSide: Couldn't find a good match for which brush to assign to a portal near (10752.0 16384.0 285.0)
Leaf 0 contents: 
Leaf 1 contents: CONTENTS_SOLID 
viscontents (node 0 contents ^ node 1 contents): CONTENTS_SOLID 
This means that none of the brushes in leaf 0 or 1 that touches the portal has CONTENTS_SOLID 
Check for a huge brush enclosing the coordinates above that has contents CONTENTS_SOLID 
Candidate brush IDs: 

*** Suppressing further FindPortalSide errors.... ***
Processing areas...done (0)
Building Faces...done (0)
Chop Details...done (0)
Find Visible Detail Sides...
Merged 644 detail faces...done (0)
Merging details...done (0)
FixTjuncs...
PruneNodes...
WriteBSP...
done (1)
Creating default LDR cubemaps for env_cubemap using skybox materials:
   skybox/starrynight*.vmt
 ! Run buildcubemaps in the engine to get the correct cube maps.
Creating default HDR cubemaps for env_cubemap using skybox materials:
   skybox/starrynight*.vmt
 ! Run buildcubemaps in the engine to get the correct cube maps.
Finding displacement neighbors...
Finding lightmap sample positions...
Displacement Alpha : 0...1...2...3...4...5...6...7...8...9...10
Building Physics collision data...
done (2) (970568 bytes)
Error! To use model "models/mus/metro/kronstein.mdl"
      with prop_static, it must be compiled with $staticprop!
Error loading studio model "models/mus/metro/kronstein.mdl"!
Error! To use model "models/mus/metro/station_phonebox_3.mdl"
      with prop_static, it must be compiled with $staticprop!
Error loading studio model "models/mus/metro/station_phonebox_3.mdl"!
Error loading studio model "models/props_mill/mill_railing_128.mdl"!
Placing detail props : 0...1...2...3...4...5...6...7...8...9...10
Compacting texture/material tables...
Reduced 2707 texinfos to 2207
Reduced 186 texdatas to 155 (7384 bytes to 6268)
Writing C:\Users\MrSandMan\Documents\GitHub\gm_crimson_red\source\maps\gm_red_line_beta1.bsp
10 seconds elapsed



materialPath: C:\Program Files (x86)\Steam\steamapps\common\GarrysMod\garrysmod\materials
Loading C:\Users\MrSandMan\Documents\GitHub\gm_crimson_red\source\maps\gm_red_line_beta1.vmf
ConVarRef mat_reduceparticles doesn't point to an existing ConVar
material "cyber_metrostroi/ptu/lamp" not found.
Material not found!: CYBER_METROSTROI/PTU/LAMP
material "metrostroi/props/metalhull010b" not found.
Material not found!: METROSTROI/PROPS/METALHULL010B
material "cyber_metrostroi/vor/vor_met_2" not found.
Material not found!: CYBER_METROSTROI/VOR/VOR_MET_2
material "cyber_metrostroi/vor/marble1" not found.
Material not found!: CYBER_METROSTROI/VOR/MARBLE1
Could not locate 'GameData' key in c:\program files (x86)\steam\steamapps\common\garrysmod\garrysmod\gameinfo.txt
Patching WVT material: maps/gm_red_line_beta1/metrostroi_nature/blendnature002_wvt_patch
fixing up env_cubemap materials on brush sides...
0...1...2...3...4...5...6...7...8...9...10**** leaked ****
Entity prop_static (4093.00 -9981.20 598.91) leaked!

FindPortalSide: Couldn't find a good match for which brush to assign to a portal near (14848.0 16384.0 285.0)
Leaf 0 contents: 
Leaf 1 contents: CONTENTS_SOLID 
viscontents (node 0 contents ^ node 1 contents): CONTENTS_SOLID 
This means that none of the brushes in leaf 0 or 1 that touches the portal has CONTENTS_SOLID 
Check for a huge brush enclosing the coordinates above that has contents CONTENTS_SOLID 
Candidate brush IDs: 


FindPortalSide: Couldn't find a good match for which brush to assign to a portal near (15360.0 15872.0 285.0)
Leaf 0 contents: 
Leaf 1 contents: CONTENTS_SOLID 
viscontents (node 0 contents ^ node 1 contents): CONTENTS_SOLID 
This means that none of the brushes in leaf 0 or 1 that touches the portal has CONTENTS_SOLID 
Check for a huge brush enclosing the coordinates above that has contents CONTENTS_SOLID 
Candidate brush IDs: 


FindPortalSide: Couldn't find a good match for which brush to assign to a portal near (13824.0 16384.0 285.0)
Leaf 0 contents: 
Leaf 1 contents: CONTENTS_SOLID 
viscontents (node 0 contents ^ node 1 contents): CONTENTS_SOLID 
This means that none of the brushes in leaf 0 or 1 that touches the portal has CONTENTS_SOLID 
Check for a huge brush enclosing the coordinates above that has contents CONTENTS_SOLID 
Candidate brush IDs: 


FindPortalSide: Couldn't find a good match for which brush to assign to a portal near (12800.0 16384.0 285.0)
Leaf 0 contents: 
Leaf 1 contents: CONTENTS_SOLID 
viscontents (node 0 contents ^ node 1 contents): CONTENTS_SOLID 
This means that none of the brushes in leaf 0 or 1 that touches the portal has CONTENTS_SOLID 
Check for a huge brush enclosing the coordinates above that has contents CONTENTS_SOLID 
Candidate brush IDs: 


FindPortalSide: Couldn't find a good match for which brush to assign to a portal near (15360.0 14848.0 285.0)
Leaf 0 contents: 
Leaf 1 contents: CONTENTS_SOLID 
viscontents (node 0 contents ^ node 1 contents): CONTENTS_SOLID 
This means that none of the brushes in leaf 0 or 1 that touches the portal has CONTENTS_SOLID 
Check for a huge brush enclosing the coordinates above that has contents CONTENTS_SOLID 
Candidate brush IDs: 


FindPortalSide: Couldn't find a good match for which brush to assign to a portal near (15360.0 13824.0 285.0)
Leaf 0 contents: 
Leaf 1 contents: CONTENTS_SOLID 
viscontents (node 0 contents ^ node 1 contents): CONTENTS_SOLID 
This means that none of the brushes in leaf 0 or 1 that touches the portal has CONTENTS_SOLID 
Check for a huge brush enclosing the coordinates above that has contents CONTENTS_SOLID 
Candidate brush IDs: 


FindPortalSide: Couldn't find a good match for which brush to assign to a portal near (11776.0 16384.0 285.0)
Leaf 0 contents: 
Leaf 1 contents: CONTENTS_SOLID 
viscontents (node 0 contents ^ node 1 contents): CONTENTS_SOLID 
This means that none of the brushes in leaf 0 or 1 that touches the portal has CONTENTS_SOLID 
Check for a huge brush enclosing the coordinates above that has contents CONTENTS_SOLID 
Candidate brush IDs: 


FindPortalSide: Couldn't find a good match for which brush to assign to a portal near (10752.0 16384.0 285.0)
Leaf 0 contents: 
Leaf 1 contents: CONTENTS_SOLID 
viscontents (node 0 contents ^ node 1 contents): CONTENTS_SOLID 
This means that none of the brushes in leaf 0 or 1 that touches the portal has CONTENTS_SOLID 
Check for a huge brush enclosing the coordinates above that has contents CONTENTS_SOLID 
Candidate brush IDs: 

*** Suppressing further FindPortalSide errors.... ***
Processing areas...done (0)
Building Faces...done (0)
Chop Details...done (0)
Find Visible Detail Sides...
Merged 644 detail faces...done (0)
Merging details...done (0)
FixTjuncs...
PruneNodes...
WriteBSP...
done (1)
Creating default LDR cubemaps for env_cubemap using skybox materials:
   skybox/starrynight*.vmt
 ! Run buildcubemaps in the engine to get the correct cube maps.
Creating default HDR cubemaps for env_cubemap using skybox materials:
   skybox/starrynight*.vmt
 ! Run buildcubemaps in the engine to get the correct cube maps.
Finding displacement neighbors...
Finding lightmap sample positions...
Displacement Alpha : 0...1...2...3...4...5...6...7...8...9...10
Building Physics collision data...
done (2) (970600 bytes)
Error! To use model "models/mus/metro/kronstein.mdl"
      with prop_static, it must be compiled with $staticprop!
Error loading studio model "models/mus/metro/kronstein.mdl"!
Error! To use model "models/mus/metro/station_phonebox_3.mdl"
      with prop_static, it must be compiled with $staticprop!
Error loading studio model "models/mus/metro/station_phonebox_3.mdl"!
Error loading studio model "models/props_mill/mill_railing_128.mdl"!
Placing detail props : 0...1...2...3...4...5...6...7...8...9...10
Compacting texture/material tables...
Reduced 2715 texinfos to 2207
Reduced 186 texdatas to 155 (7384 bytes to 6268)
Writing C:\Users\MrSandMan\Documents\GitHub\gm_crimson_red\source\maps\gm_red_line_beta1.bsp
10 seconds elapsed



materialPath: C:\Program Files (x86)\Steam\steamapps\common\GarrysMod\garrysmod\materials
Loading C:\Users\MrSandMan\Documents\GitHub\gm_crimson_red\source\maps\gm_red_line_beta1.vmf
ConVarRef mat_reduceparticles doesn't point to an existing ConVar
material "cyber_metrostroi/ptu/lamp" not found.
Material not found!: CYBER_METROSTROI/PTU/LAMP
material "metrostroi/props/metalhull010b" not found.
Material not found!: METROSTROI/PROPS/METALHULL010B
material "cyber_metrostroi/vor/vor_met_2" not found.
Material not found!: CYBER_METROSTROI/VOR/VOR_MET_2
material "cyber_metrostroi/vor/marble1" not found.
Material not found!: CYBER_METROSTROI/VOR/MARBLE1
Could not locate 'GameData' key in c:\program files (x86)\steam\steamapps\common\garrysmod\garrysmod\gameinfo.txt
Patching WVT material: maps/gm_red_line_beta1/metrostroi_nature/blendnature002_wvt_patch
fixing up env_cubemap materials on brush sides...
0...1...2...3...4...5...6...7...8...9...10**** leaked ****
Entity prop_static (4139.00 -9426.00 698.97) leaked!

FindPortalSide: Couldn't find a good match for which brush to assign to a portal near (14848.0 16384.0 285.0)
Leaf 0 contents: 
Leaf 1 contents: CONTENTS_SOLID 
viscontents (node 0 contents ^ node 1 contents): CONTENTS_SOLID 
This means that none of the brushes in leaf 0 or 1 that touches the portal has CONTENTS_SOLID 
Check for a huge brush enclosing the coordinates above that has contents CONTENTS_SOLID 
Candidate brush IDs: 


FindPortalSide: Couldn't find a good match for which brush to assign to a portal near (15360.0 15872.0 285.0)
Leaf 0 contents: 
Leaf 1 contents: CONTENTS_SOLID 
viscontents (node 0 contents ^ node 1 contents): CONTENTS_SOLID 
This means that none of the brushes in leaf 0 or 1 that touches the portal has CONTENTS_SOLID 
Check for a huge brush enclosing the coordinates above that has contents CONTENTS_SOLID 
Candidate brush IDs: 


FindPortalSide: Couldn't find a good match for which brush to assign to a portal near (13824.0 16384.0 285.0)
Leaf 0 contents: 
Leaf 1 contents: CONTENTS_SOLID 
viscontents (node 0 contents ^ node 1 contents): CONTENTS_SOLID 
This means that none of the brushes in leaf 0 or 1 that touches the portal has CONTENTS_SOLID 
Check for a huge brush enclosing the coordinates above that has contents CONTENTS_SOLID 
Candidate brush IDs: 


FindPortalSide: Couldn't find a good match for which brush to assign to a portal near (12800.0 16384.0 285.0)
Leaf 0 contents: 
Leaf 1 contents: CONTENTS_SOLID 
viscontents (node 0 contents ^ node 1 contents): CONTENTS_SOLID 
This means that none of the brushes in leaf 0 or 1 that touches the portal has CONTENTS_SOLID 
Check for a huge brush enclosing the coordinates above that has contents CONTENTS_SOLID 
Candidate brush IDs: 


FindPortalSide: Couldn't find a good match for which brush to assign to a portal near (15360.0 14848.0 285.0)
Leaf 0 contents: 
Leaf 1 contents: CONTENTS_SOLID 
viscontents (node 0 contents ^ node 1 contents): CONTENTS_SOLID 
This means that none of the brushes in leaf 0 or 1 that touches the portal has CONTENTS_SOLID 
Check for a huge brush enclosing the coordinates above that has contents CONTENTS_SOLID 
Candidate brush IDs: 


FindPortalSide: Couldn't find a good match for which brush to assign to a portal near (15360.0 13824.0 285.0)
Leaf 0 contents: 
Leaf 1 contents: CONTENTS_SOLID 
viscontents (node 0 contents ^ node 1 contents): CONTENTS_SOLID 
This means that none of the brushes in leaf 0 or 1 that touches the portal has CONTENTS_SOLID 
Check for a huge brush enclosing the coordinates above that has contents CONTENTS_SOLID 
Candidate brush IDs: 


FindPortalSide: Couldn't find a good match for which brush to assign to a portal near (11776.0 16384.0 285.0)
Leaf 0 contents: 
Leaf 1 contents: CONTENTS_SOLID 
viscontents (node 0 contents ^ node 1 contents): CONTENTS_SOLID 
This means that none of the brushes in leaf 0 or 1 that touches the portal has CONTENTS_SOLID 
Check for a huge brush enclosing the coordinates above that has contents CONTENTS_SOLID 
Candidate brush IDs: 


FindPortalSide: Couldn't find a good match for which brush to assign to a portal near (10752.0 16384.0 285.0)
Leaf 0 contents: 
Leaf 1 contents: CONTENTS_SOLID 
viscontents (node 0 contents ^ node 1 contents): CONTENTS_SOLID 
This means that none of the brushes in leaf 0 or 1 that touches the portal has CONTENTS_SOLID 
Check for a huge brush enclosing the coordinates above that has contents CONTENTS_SOLID 
Candidate brush IDs: 

*** Suppressing further FindPortalSide errors.... ***
Processing areas...done (0)
Building Faces...done (0)
Chop Details...done (0)
Find Visible Detail Sides...
Merged 644 detail faces...done (0)
Merging details...done (0)
FixTjuncs...
PruneNodes...
WriteBSP...
done (1)
Creating default LDR cubemaps for env_cubemap using skybox materials:
   skybox/starrynight*.vmt
 ! Run buildcubemaps in the engine to get the correct cube maps.
Creating default HDR cubemaps for env_cubemap using skybox materials:
   skybox/starrynight*.vmt
 ! Run buildcubemaps in the engine to get the correct cube maps.
Finding displacement neighbors...
Finding lightmap sample positions...
Displacement Alpha : 0...1...2...3...4...5...6...7...8...9...10
Building Physics collision data...
done (2) (970600 bytes)
Error! To use model "models/mus/metro/kronstein.mdl"
      with prop_static, it must be compiled with $staticprop!
Error loading studio model "models/mus/metro/kronstein.mdl"!
Error! To use model "models/mus/metro/station_phonebox_3.mdl"
      with prop_static, it must be compiled with $staticprop!
Error loading studio model "models/mus/metro/station_phonebox_3.mdl"!
Error loading studio model "models/props_mill/mill_railing_128.mdl"!
Placing detail props : 0...1...2...3...4...5...6...7...8...9...10
Compacting texture/material tables...
Reduced 2715 texinfos to 2207
Reduced 186 texdatas to 155 (7384 bytes to 6268)
Writing C:\Users\MrSandMan\Documents\GitHub\gm_crimson_red\source\maps\gm_red_line_beta1.bsp
10 seconds elapsed



materialPath: C:\Program Files (x86)\Steam\steamapps\common\GarrysMod\garrysmod\materials
Loading C:\Users\MrSandMan\Documents\GitHub\gm_crimson_red\source\maps\gm_red_line_beta1.vmf
ConVarRef mat_reduceparticles doesn't point to an existing ConVar
material "cyber_metrostroi/ptu/lamp" not found.
Material not found!: CYBER_METROSTROI/PTU/LAMP
material "metrostroi/props/metalhull010b" not found.
Material not found!: METROSTROI/PROPS/METALHULL010B
material "cyber_metrostroi/vor/vor_met_2" not found.
Material not found!: CYBER_METROSTROI/VOR/VOR_MET_2
material "cyber_metrostroi/vor/marble1" not found.
Material not found!: CYBER_METROSTROI/VOR/MARBLE1
Could not locate 'GameData' key in c:\program files (x86)\steam\steamapps\common\garrysmod\garrysmod\gameinfo.txt
Patching WVT material: maps/gm_red_line_beta1/metrostroi_nature/blendnature002_wvt_patch
fixing up env_cubemap materials on brush sides...
0...1...2...3...4...5...6...7...8...9...10**** leaked ****
Entity prop_static (542.01 1384.69 432.97) leaked!

FindPortalSide: Couldn't find a good match for which brush to assign to a portal near (14848.0 16384.0 285.0)
Leaf 0 contents: 
Leaf 1 contents: CONTENTS_SOLID 
viscontents (node 0 contents ^ node 1 contents): CONTENTS_SOLID 
This means that none of the brushes in leaf 0 or 1 that touches the portal has CONTENTS_SOLID 
Check for a huge brush enclosing the coordinates above that has contents CONTENTS_SOLID 
Candidate brush IDs: 


FindPortalSide: Couldn't find a good match for which brush to assign to a portal near (15360.0 15872.0 285.0)
Leaf 0 contents: 
Leaf 1 contents: CONTENTS_SOLID 
viscontents (node 0 contents ^ node 1 contents): CONTENTS_SOLID 
This means that none of the brushes in leaf 0 or 1 that touches the portal has CONTENTS_SOLID 
Check for a huge brush enclosing the coordinates above that has contents CONTENTS_SOLID 
Candidate brush IDs: 


FindPortalSide: Couldn't find a good match for which brush to assign to a portal near (13824.0 16384.0 285.0)
Leaf 0 contents: 
Leaf 1 contents: CONTENTS_SOLID 
viscontents (node 0 contents ^ node 1 contents): CONTENTS_SOLID 
This means that none of the brushes in leaf 0 or 1 that touches the portal has CONTENTS_SOLID 
Check for a huge brush enclosing the coordinates above that has contents CONTENTS_SOLID 
Candidate brush IDs: 


FindPortalSide: Couldn't find a good match for which brush to assign to a portal near (12800.0 16384.0 285.0)
Leaf 0 contents: 
Leaf 1 contents: CONTENTS_SOLID 
viscontents (node 0 contents ^ node 1 contents): CONTENTS_SOLID 
This means that none of the brushes in leaf 0 or 1 that touches the portal has CONTENTS_SOLID 
Check for a huge brush enclosing the coordinates above that has contents CONTENTS_SOLID 
Candidate brush IDs: 


FindPortalSide: Couldn't find a good match for which brush to assign to a portal near (15360.0 14848.0 285.0)
Leaf 0 contents: 
Leaf 1 contents: CONTENTS_SOLID 
viscontents (node 0 contents ^ node 1 contents): CONTENTS_SOLID 
This means that none of the brushes in leaf 0 or 1 that touches the portal has CONTENTS_SOLID 
Check for a huge brush enclosing the coordinates above that has contents CONTENTS_SOLID 
Candidate brush IDs: 


FindPortalSide: Couldn't find a good match for which brush to assign to a portal near (15360.0 13824.0 285.0)
Leaf 0 contents: 
Leaf 1 contents: CONTENTS_SOLID 
viscontents (node 0 contents ^ node 1 contents): CONTENTS_SOLID 
This means that none of the brushes in leaf 0 or 1 that touches the portal has CONTENTS_SOLID 
Check for a huge brush enclosing the coordinates above that has contents CONTENTS_SOLID 
Candidate brush IDs: 


FindPortalSide: Couldn't find a good match for which brush to assign to a portal near (11776.0 16384.0 285.0)
Leaf 0 contents: 
Leaf 1 contents: CONTENTS_SOLID 
viscontents (node 0 contents ^ node 1 contents): CONTENTS_SOLID 
This means that none of the brushes in leaf 0 or 1 that touches the portal has CONTENTS_SOLID 
Check for a huge brush enclosing the coordinates above that has contents CONTENTS_SOLID 
Candidate brush IDs: 


FindPortalSide: Couldn't find a good match for which brush to assign to a portal near (10752.0 16384.0 285.0)
Leaf 0 contents: 
Leaf 1 contents: CONTENTS_SOLID 
viscontents (node 0 contents ^ node 1 contents): CONTENTS_SOLID 
This means that none of the brushes in leaf 0 or 1 that touches the portal has CONTENTS_SOLID 
Check for a huge brush enclosing the coordinates above that has contents CONTENTS_SOLID 
Candidate brush IDs: 

*** Suppressing further FindPortalSide errors.... ***
Processing areas...done (0)
Building Faces...done (0)
Chop Details...done (0)
Find Visible Detail Sides...
Merged 644 detail faces...done (0)
Merging details...done (0)
FixTjuncs...
PruneNodes...
WriteBSP...
done (1)
Creating default LDR cubemaps for env_cubemap using skybox materials:
   skybox/starrynight*.vmt
 ! Run buildcubemaps in the engine to get the correct cube maps.
Creating default HDR cubemaps for env_cubemap using skybox materials:
   skybox/starrynight*.vmt
 ! Run buildcubemaps in the engine to get the correct cube maps.
Finding displacement neighbors...
Finding lightmap sample positions...
Displacement Alpha : 0...1...2...3...4...5...6...7...8...9...10
Building Physics collision data...
done (2) (970600 bytes)
Error! To use model "models/mus/metro/kronstein.mdl"
      with prop_static, it must be compiled with $staticprop!
Error loading studio model "models/mus/metro/kronstein.mdl"!
Error! To use model "models/mus/metro/station_phonebox_3.mdl"
      with prop_static, it must be compiled with $staticprop!
Error loading studio model "models/mus/metro/station_phonebox_3.mdl"!
Error loading studio model "models/props_mill/mill_railing_128.mdl"!
Placing detail props : 0...1...2...3...4...5...6...7...8...9...10
Compacting texture/material tables...
Reduced 2715 texinfos to 2207
Reduced 186 texdatas to 155 (7384 bytes to 6268)
Writing C:\Users\MrSandMan\Documents\GitHub\gm_crimson_red\source\maps\gm_red_line_beta1.bsp
10 seconds elapsed



materialPath: C:\Program Files (x86)\Steam\steamapps\common\GarrysMod\garrysmod\materials
Loading C:\Users\MrSandMan\Documents\GitHub\gm_crimson_red\source\maps\gm_red_line_beta1.vmf
ConVarRef mat_reduceparticles doesn't point to an existing ConVar
material "cyber_metrostroi/ptu/lamp" not found.
Material not found!: CYBER_METROSTROI/PTU/LAMP
material "metrostroi/props/metalhull010b" not found.
Material not found!: METROSTROI/PROPS/METALHULL010B
material "cyber_metrostroi/vor/vor_met_2" not found.
Material not found!: CYBER_METROSTROI/VOR/VOR_MET_2
material "cyber_metrostroi/vor/marble1" not found.
Material not found!: CYBER_METROSTROI/VOR/MARBLE1
Could not locate 'GameData' key in c:\program files (x86)\steam\steamapps\common\garrysmod\garrysmod\gameinfo.txt
Patching WVT material: maps/gm_red_line_beta1/metrostroi_nature/blendnature002_wvt_patch
fixing up env_cubemap materials on brush sides...
0...1...2...3...4...5...6...7...8...9...10**** leaked ****
Entity prop_static (1351.00 9258.96 383.72) leaked!

FindPortalSide: Couldn't find a good match for which brush to assign to a portal near (14848.0 16384.0 285.0)
Leaf 0 contents: 
Leaf 1 contents: CONTENTS_SOLID 
viscontents (node 0 contents ^ node 1 contents): CONTENTS_SOLID 
This means that none of the brushes in leaf 0 or 1 that touches the portal has CONTENTS_SOLID 
Check for a huge brush enclosing the coordinates above that has contents CONTENTS_SOLID 
Candidate brush IDs: 


FindPortalSide: Couldn't find a good match for which brush to assign to a portal near (15360.0 15872.0 285.0)
Leaf 0 contents: 
Leaf 1 contents: CONTENTS_SOLID 
viscontents (node 0 contents ^ node 1 contents): CONTENTS_SOLID 
This means that none of the brushes in leaf 0 or 1 that touches the portal has CONTENTS_SOLID 
Check for a huge brush enclosing the coordinates above that has contents CONTENTS_SOLID 
Candidate brush IDs: 


FindPortalSide: Couldn't find a good match for which brush to assign to a portal near (13824.0 16384.0 285.0)
Leaf 0 contents: 
Leaf 1 contents: CONTENTS_SOLID 
viscontents (node 0 contents ^ node 1 contents): CONTENTS_SOLID 
This means that none of the brushes in leaf 0 or 1 that touches the portal has CONTENTS_SOLID 
Check for a huge brush enclosing the coordinates above that has contents CONTENTS_SOLID 
Candidate brush IDs: 


FindPortalSide: Couldn't find a good match for which brush to assign to a portal near (12800.0 16384.0 285.0)
Leaf 0 contents: 
Leaf 1 contents: CONTENTS_SOLID 
viscontents (node 0 contents ^ node 1 contents): CONTENTS_SOLID 
This means that none of the brushes in leaf 0 or 1 that touches the portal has CONTENTS_SOLID 
Check for a huge brush enclosing the coordinates above that has contents CONTENTS_SOLID 
Candidate brush IDs: 


FindPortalSide: Couldn't find a good match for which brush to assign to a portal near (15360.0 14848.0 285.0)
Leaf 0 contents: 
Leaf 1 contents: CONTENTS_SOLID 
viscontents (node 0 contents ^ node 1 contents): CONTENTS_SOLID 
This means that none of the brushes in leaf 0 or 1 that touches the portal has CONTENTS_SOLID 
Check for a huge brush enclosing the coordinates above that has contents CONTENTS_SOLID 
Candidate brush IDs: 


FindPortalSide: Couldn't find a good match for which brush to assign to a portal near (15360.0 13824.0 285.0)
Leaf 0 contents: 
Leaf 1 contents: CONTENTS_SOLID 
viscontents (node 0 contents ^ node 1 contents): CONTENTS_SOLID 
This means that none of the brushes in leaf 0 or 1 that touches the portal has CONTENTS_SOLID 
Check for a huge brush enclosing the coordinates above that has contents CONTENTS_SOLID 
Candidate brush IDs: 


FindPortalSide: Couldn't find a good match for which brush to assign to a portal near (11776.0 16384.0 285.0)
Leaf 0 contents: 
Leaf 1 contents: CONTENTS_SOLID 
viscontents (node 0 contents ^ node 1 contents): CONTENTS_SOLID 
This means that none of the brushes in leaf 0 or 1 that touches the portal has CONTENTS_SOLID 
Check for a huge brush enclosing the coordinates above that has contents CONTENTS_SOLID 
Candidate brush IDs: 


FindPortalSide: Couldn't find a good match for which brush to assign to a portal near (10752.0 16384.0 285.0)
Leaf 0 contents: 
Leaf 1 contents: CONTENTS_SOLID 
viscontents (node 0 contents ^ node 1 contents): CONTENTS_SOLID 
This means that none of the brushes in leaf 0 or 1 that touches the portal has CONTENTS_SOLID 
Check for a huge brush enclosing the coordinates above that has contents CONTENTS_SOLID 
Candidate brush IDs: 

*** Suppressing further FindPortalSide errors.... ***
Processing areas...done (0)
Building Faces...done (0)
Chop Details...done (0)
Find Visible Detail Sides...
Merged 644 detail faces...done (0)
Merging details...done (0)
FixTjuncs...
PruneNodes...
WriteBSP...
done (1)
Creating default LDR cubemaps for env_cubemap using skybox materials:
   skybox/starrynight*.vmt
 ! Run buildcubemaps in the engine to get the correct cube maps.
Creating default HDR cubemaps for env_cubemap using skybox materials:
   skybox/starrynight*.vmt
 ! Run buildcubemaps in the engine to get the correct cube maps.
Finding displacement neighbors...
Finding lightmap sample positions...
Displacement Alpha : 0...1...2...3...4...5...6...7...8...9...10
Building Physics collision data...
done (2) (970600 bytes)
Error! To use model "models/mus/metro/kronstein.mdl"
      with prop_static, it must be compiled with $staticprop!
Error loading studio model "models/mus/metro/kronstein.mdl"!
Error! To use model "models/mus/metro/station_phonebox_3.mdl"
      with prop_static, it must be compiled with $staticprop!
Error loading studio model "models/mus/metro/station_phonebox_3.mdl"!
Error loading studio model "models/props_mill/mill_railing_128.mdl"!
Placing detail props : 0...1...2...3...4...5...6...7...8...9...10
Compacting texture/material tables...
Reduced 2715 texinfos to 2207
Reduced 186 texdatas to 155 (7384 bytes to 6268)
Writing C:\Users\MrSandMan\Documents\GitHub\gm_crimson_red\source\maps\gm_red_line_beta1.bsp
10 seconds elapsed
